D:\РАБОТА\2023-Киров\ИОС5\ИОС5_4\ИОС5_4-схемы.dwg,Модель,09.11.2023 16:34:49,BobrovV,Foxit PDF editor Printer,A3,1:100,
D:\РАБОТА\2023-Киров\ИОС5\ИОС5_4\ИОС5_4-схемы.dwg,Модель,09.11.2023 16:36:52,BobrovV,PDF-portrait.pc3,A3,1:100,
D:\РАБОТА\2023-Киров\ИОС5\ИОС5_4\ИОС5_4-схемы.dwg,Модель,10.11.2023 16:52:13,BobrovV,PDF-portrait.pc3,A3,1:100,
D:\РАБОТА\2023-Киров\ИОС5\ИОС5_4\ИОС5_4-схемы.dwg,Модель,10.11.2023 16:56:59,BobrovV,PDF-portrait.pc3,A3,1:100,
D:\РАБОТА\2023-Киров\ИОС5\ИОС5_4\ИОС5_4-схемы.dwg,Модель,13.11.2023 9:38:12,BobrovV,PDF-portrait.pc3,A3,1:100,
D:\РАБОТА\2023-Киров\ИОС5\ИОС5_4\ИОС5_4-схемы.dwg,Модель,13.11.2023 9:39:15,BobrovV,PDF-portrait.pc3,A3,1:100,
D:\РАБОТА\2023-Киров\ИОС5\ИОС5_4\ИОС5_4-схемы.dwg,Модель,13.11.2023 9:39:20,BobrovV,PDF-portrait.pc3,A4x3,1:100,
D:\РАБОТА\2023-Киров\ИОС5\ИОС5_4\ИОС5_4-схемы.dwg,Модель,13.11.2023 9:39:21,BobrovV,PDF-portrait.pc3,A3,1:100,
D:\РАБОТА\2023-Киров\ИОС5\ИОС5_4\ИОС5_4-схемы.dwg,Модель,13.11.2023 9:39:21,BobrovV,PDF-portrait.pc3,A3,1:100,
D:\РАБОТА\2023-Киров\ИОС5\ИОС5_4\ИОС5_4-схемы.dwg,Модель,13.11.2023 9:39:25,BobrovV,PDF-portrait.pc3,A4x4,1:100,
D:\РАБОТА\2023-Киров\ИОС5\ИОС5_4\ИОС5_4-схемы.dwg,Модель,13.11.2023 9:39:27,BobrovV,PDF-portrait.pc3,A3,1:100,
D:\РАБОТА\2023-Киров\ИОС5\ИОС5_4\ИОС5_4-схемы.dwg,Модель,13.11.2023 10:09:40,BobrovV,PDF-portrait.pc3,A3,1:100,
D:\РАБОТА\2023-Киров\ИОС5\ИОС5_4\ИОС5_4-схемы.dwg,Модель,13.11.2023 10:09:40,BobrovV,PDF-portrait.pc3,A3,1:100,
D:\РАБОТА\2023-Киров\ИОС5\ИОС5_4\ИОС5_4-схемы.dwg,Модель,13.11.2023 10:09:41,BobrovV,PDF-portrait.pc3,A3,1:100,
D:\РАБОТА\2023-Киров\ИОС5\ИОС5_4\ИОС5_4-схемы.dwg,Модель,13.11.2023 10:10:06,BobrovV,PDF-portrait.pc3,A3,1:100,
D:\РАБОТА\2023-Киров\ИОС5\ИОС5_4\ИОС5_4-схемы.dwg,Модель,13.11.2023 10:10:07,BobrovV,PDF-portrait.pc3,A3,1:100,
D:\РАБОТА\2023-Киров\ИОС5\ИОС5_4\ИОС5_4-схемы.dwg,Модель,13.11.2023 10:10:07,BobrovV,PDF-portrait.pc3,A3,1:100,
D:\РАБОТА\2023-Киров\ИОС5\ИОС5_4\ИОС5_4-схемы.dwg,Модель,13.11.2023 10:16:23,BobrovV,PDF-portrait.pc3,A4x4,1:100,
D:\YandexDisk\РАБОТАРАБОТА\РАБОТА\2023-Киров\ИОС5\ИОС5_4\СДАНО-201123\+ИОС5_4-схемы.dwg,Модель,24.11.2023 10:32:23,BobrovV,PDF-portrait.pc3,A3,1:100,
D:\YandexDisk\РАБОТАРАБОТА\РАБОТА\2023-Киров\ИОС5\ИОС5_4\СДАНО-201123\+ИОС5_4-схемы.dwg,Модель,24.11.2023 10:32:25,BobrovV,PDF-portrait.pc3,A3,1:100,
D:\YandexDisk\РАБОТАРАБОТА\РАБОТА\2023-Киров\ИОС5\ИОС5_4\СДАНО-201123\+ИОС5_4-схемы.dwg,Модель,24.11.2023 10:32:26,BobrovV,PDF-portrait.pc3,A3,1:100,
D:\YandexDisk\РАБОТАРАБОТА\РАБОТА\2023-Киров\ИОС5\ИОС5_4\СДАНО-201123\+ИОС5_4-схемы.dwg,Модель,24.11.2023 10:32:28,BobrovV,PDF-portrait.pc3,A4,1:100,
D:\YandexDisk\РАБОТАРАБОТА\РАБОТА\2023-Киров\ИОС5\ИОС5_4\СДАНО-201123\+ИОС5_4-схемы.dwg,Модель,24.11.2023 10:32:29,BobrovV,PDF-portrait.pc3,A3,1:100,
D:\YandexDisk\РАБОТАРАБОТА\РАБОТА\2023-Киров\ИОС5\ИОС5_4\СДАНО-201123\+ИОС5_4-схемы.dwg,Модель,24.11.2023 10:32:31,BobrovV,PDF-portrait.pc3,A3,1:100,
D:\YandexDisk\РАБОТАРАБОТА\РАБОТА\2023-Киров\ИОС5\ИОС5_4\СДАНО-201123\+ИОС5_4-схемы.dwg,Модель,24.11.2023 10:32:33,BobrovV,PDF-portrait.pc3,A3,1:100,
D:\YandexDisk\РАБОТАРАБОТА\РАБОТА\2023-Киров\ИОС5\ИОС5_4\СДАНО-201123\ИОС5_4-планы.dwg,Модель,24.11.2023 10:40:14,BobrovV,PDF-portrait.pc3,A1x3,1:100,
D:\YandexDisk\РАБОТАРАБОТА\РАБОТА\2023-Киров\ИОС5\ИОС5_4\СДАНО-201123\ИОС5_4-планы.dwg,Модель,24.11.2023 10:40:19,BobrovV,PDF-portrait.pc3,A1x3,1:100,
D:\YandexDisk\РАБОТАРАБОТА\РАБОТА\2023-Киров\ИОС5\ИОС5_4\СДАНО-201123\ИОС5_4-планы.dwg,Модель,24.11.2023 10:40:26,BobrovV,PDF-portrait.pc3,A1x3,1:100,
D:\YandexDisk\РАБОТАРАБОТА\РАБОТА\2023-Киров\ИОС5\ИОС5_4\СДАНО-201123\ИОС5_4-планы.dwg,Модель,24.11.2023 10:40:31,BobrovV,PDF-portrait.pc3,A1x3,1:100,
D:\YandexDisk\РАБОТАРАБОТА\РАБОТА\2023-Киров\ИОС5\ИОС5_4\СДАНО-201123\ИОС5_4-планы.dwg,Модель,24.11.2023 10:40:37,BobrovV,PDF-portrait.pc3,A1x3,1:100,
D:\YandexDisk\РАБОТАРАБОТА\РАБОТА\2023-Киров\ИОС5\ИОС5_4\СДАНО-201123\ИОС5_4-планы.dwg,Модель,24.11.2023 10:40:43,BobrovV,PDF-portrait.pc3,A1x3,1:100,
D:\YandexDisk\РАБОТАРАБОТА\РАБОТА\2023-Киров\ИОС5\ИОС5_4\СДАНО-201123\ИОС5_4-планы.dwg,Модель,24.11.2023 10:40:49,BobrovV,PDF-portrait.pc3,A1x3,1:100,
D:\YandexDisk\РАБОТАРАБОТА\РАБОТА\2023-Киров\ИОС5\ИОС5_3 (СКУД)\СДАНО-151123\ИОС5.3-схема.dwg,Модель,24.11.2023 11:23:24,BobrovV,PDF-portrait.pc3,A2,1:100,
D:\YandexDisk\РАБОТАРАБОТА\РАБОТА\2023-Киров\ИОС5\ИОС5_3 (СКУД)\СДАНО-151123\ИОС5.3-план.dwg,2-План 1-го этажа,24.11.2023 11:23:43,BobrovV,PDF-portrait.pc3,A1x3,1:1,
D:\YandexDisk\РАБОТАРАБОТА\РАБОТА\2023-Киров\ИОС5\ИОС5_3 (СКУД)\СДАНО-151123\ИОС5.3-план.dwg,3-План 2-го этажа,24.11.2023 11:23:53,BobrovV,PDF-portrait.pc3,A1x3,1:1,
D:\YandexDisk\РАБОТАРАБОТА\РАБОТА\2023-Киров\ИОС5\ИОС5_3 (СКУД)\СДАНО-151123\ИОС5.3-план.dwg,4-План на отм. +11.200. Фрагменты планов на отм. +19.500. Спецификация ограждений.,24.11.2023 11:24:18,BobrovV,PDF-portrait.pc3,A1x3,1:1,
D:\YandexDisk\РАБОТАРАБОТА\РАБОТА\2023-Киров\ИОС5\ИОС5_4\СДАНО-201123\ИОС5_4-планы.dwg,Модель,24.11.2023 11:30:53,BobrovV,PDF-portrait.pc3,A1x3,1:100,
D:\YandexDisk\РАБОТАРАБОТА\РАБОТА\2023-Киров\ИОС5\ИОС5_4\СДАНО-201123\ИОС5_4-планы.dwg,Модель,24.11.2023 11:30:59,BobrovV,PDF-portrait.pc3,A1x3,1:100,
D:\YandexDisk\РАБОТАРАБОТА\РАБОТА\2023-Киров\ИОС5\ИОС5_4\СДАНО-201123\ИОС5_4-планы.dwg,Модель,24.11.2023 11:31:05,BobrovV,PDF-portrait.pc3,A1x3,1:100,
D:\YandexDisk\РАБОТАРАБОТА\РАБОТА\2023-Киров\ИОС5\ИОС5_4\СДАНО-201123\ИОС5_4-планы.dwg,Модель,24.11.2023 11:31:12,BobrovV,PDF-portrait.pc3,A1x3,1:100,
D:\YandexDisk\РАБОТАРАБОТА\РАБОТА\2023-Киров\ИОС5\ИОС5_4\СДАНО-201123\ИОС5_4-планы.dwg,Модель,24.11.2023 11:31:18,BobrovV,PDF-portrait.pc3,A1x3,1:100,
D:\YandexDisk\РАБОТАРАБОТА\РАБОТА\2023-Киров\ИОС5\ИОС5_4\СДАНО-201123\ИОС5_4-планы.dwg,Модель,24.11.2023 11:31:24,BobrovV,PDF-portrait.pc3,A1x3,1:100,
D:\YandexDisk\РАБОТАРАБОТА\РАБОТА\2023-Киров\ИОС5\ИОС5_4\СДАНО-201123\ИОС5_4-планы.dwg,Модель,24.11.2023 11:31:30,BobrovV,PDF-portrait.pc3,A1x3,1:100,
D:\YandexDisk\РАБОТАРАБОТА\РАБОТА\2023-Киров\ИОС5\ИОС5_10 (Безбилетный проход)\СДАНО-221123\ИОС5_10 (безбилет).dwg,Модель,24.11.2023 12:19:42,BobrovV,PDF-portrait.pc3,A1x3,1:100,
D:\YandexDisk\РАБОТАРАБОТА\РАБОТА\2023-Киров\ИОС5\ИОС5_10 (Безбилетный проход)\СДАНО-221123\ИОС5_10 (безбилет).dwg,Модель,24.11.2023 12:19:46,BobrovV,PDF-portrait.pc3,A3,1:100,
D:\YandexDisk\РАБОТАРАБОТА\РАБОТА\2023-Киров\ИОС5\ИОС5_10 (Безбилетный проход)\СДАНО-221123\ИОС5_10 (безбилет).dwg,Модель,24.11.2023 12:19:52,BobrovV,PDF-portrait.pc3,A4x3,1:100,
D:\YandexDisk\РАБОТАРАБОТА\РАБОТА\2023-Киров\ИОС5\ИОС5_10 (Безбилетный проход)\СДАНО-221123\ИОС5_10 (безбилет).dwg,Модель,24.11.2023 12:19:57,BobrovV,PDF-portrait.pc3,A1x3,1:100,
D:\YandexDisk\РАБОТАРАБОТА\РАБОТА\2023-Киров\ИОС5\ИОС5_10 (Безбилетный проход)\СДАНО-221123\ИОС5_10 (безбилет).dwg,Модель,24.11.2023 12:20:00,BobrovV,PDF-portrait.pc3,A3,1:100,
D:\YandexDisk\РАБОТАРАБОТА\РАБОТА\2023-Киров\ИОС5\ИОС5_10 (Безбилетный проход)\СДАНО-221123\ИОС5_10 (безбилет).dwg,Модель,24.11.2023 12:20:01,BobrovV,PDF-portrait.pc3,A3,1:100,
D:\YandexDisk\РАБОТАРАБОТА\РАБОТА\2023-Киров\ИОС5\ИОС5_4\СДАНО-201123\+ИОС5_4-схемы.dwg,Модель,27.11.2023 13:32:42,BobrovV,PDF-portrait.pc3,A3,1:100,
D:\YandexDisk\РАБОТАРАБОТА\РАБОТА\2023-Киров\ИОС5\ИОС5_4\СДАНО-201123\+ИОС5_4-схемы.dwg,Модель,27.11.2023 13:32:43,BobrovV,PDF-portrait.pc3,A3,1:100,
D:\YandexDisk\РАБОТАРАБОТА\РАБОТА\2023-Киров\ИОС5\ИОС5_4\СДАНО-201123\+ИОС5_4-схемы.dwg,Модель,27.11.2023 13:32:44,BobrovV,PDF-portrait.pc3,A3,1:100,
D:\YandexDisk\РАБОТАРАБОТА\РАБОТА\2023-Астрахань-рыба\ИОС5.5 (АК).dwg,Модель,01.12.2023 13:55:25,BobrovV,PDF-portrait.pc3,A3,1:100,
D:\YandexDisk\РАБОТАРАБОТА\РАБОТА\2023-Астрахань-рыба\Щиты.dwg,Модель,01.12.2023 13:56:24,BobrovV,PDF-portrait.pc3,A2,1:100,
D:\YandexDisk\РАБОТАРАБОТА\РАБОТА\2023-Астрахань-рыба\Щиты.dwg,Модель,01.12.2023 13:56:24,BobrovV,PDF-portrait.pc3,A2,1:100,
D:\YandexDisk\РАБОТАРАБОТА\РАБОТА\2023-Астрахань-рыба\Щиты.dwg,Модель,01.12.2023 13:56:25,BobrovV,PDF-portrait.pc3,A2,1:100,
D:\YandexDisk\РАБОТАРАБОТА\РАБОТА\2023-Астрахань-рыба\ИОС5.5 (АК).dwg,Модель,01.12.2023 13:56:42,BobrovV,PDF-portrait.pc3,A3,1:100,
D:\YandexDisk\РАБОТАРАБОТА\РАБОТА\2023-Астрахань-рыба\Щиты.dwg,Модель,01.12.2023 13:57:03,BobrovV,PDF-portrait.pc3,A2,1:100,
D:\YandexDisk\РАБОТАРАБОТА\РАБОТА\2023-Астрахань-рыба\Щиты.dwg,Модель,01.12.2023 13:57:04,BobrovV,PDF-portrait.pc3,A2,1:100,
D:\YandexDisk\РАБОТАРАБОТА\РАБОТА\2023-Астрахань-рыба\Щиты.dwg,Модель,01.12.2023 13:57:04,BobrovV,PDF-portrait.pc3,A2,1:100,
D:\YandexDisk\РАБОТАРАБОТА\РАБОТА\2023-Астрахань-рыба\ИОС5.5 (АК).dwg,Модель,01.12.2023 14:12:08,BobrovV,PDF-portrait.pc3,A3,1:100,
D:\YandexDisk\РАБОТАРАБОТА\РАБОТА\2023-Киров\ИОС5\ИОС5_4\СДАНО-201123\+ИОС5_4-схемы.dwg,Модель,04.12.2023 14:49:54,BobrovV,PDF-portrait.pc3,A3,1:100,
D:\YandexDisk\РАБОТАРАБОТА\РАБОТА\2023-Киров\ИОС5\ИОС5_4\СДАНО-201123\+ИОС5_4-схемы.dwg,Модель,04.12.2023 14:49:55,BobrovV,PDF-portrait.pc3,A3,1:100,
D:\YandexDisk\РАБОТАРАБОТА\РАБОТА\2023-Киров\ИОС5\ИОС5_4\СДАНО-201123\+ИОС5_4-схемы.dwg,Модель,04.12.2023 14:49:56,BobrovV,PDF-portrait.pc3,A3,1:100,
D:\YandexDisk\РАБОТАРАБОТА\РАБОТА\2023-Киров\ИОС5\ИОС5_4\СДАНО-201123\+ИОС5_4-схемы.dwg,Модель,05.12.2023 9:00:55,BobrovV,PDF-portrait.pc3,A3,1:100,
D:\YandexDisk\РАБОТАРАБОТА\РАБОТА\2023-Киров\ИОС5\ИОС5_4\СДАНО-201123\+ИОС5_4-схемы.dwg,Модель,05.12.2023 9:00:56,BobrovV,PDF-portrait.pc3,A3,1:100,
D:\YandexDisk\РАБОТАРАБОТА\РАБОТА\2023-Киров\ИОС5\ИОС5_4\СДАНО-201123\+ИОС5_4-схемы.dwg,Модель,05.12.2023 9:00:57,BobrovV,PDF-portrait.pc3,A3,1:100,
D:\YandexDisk\РАБОТАРАБОТА\РАБОТА\2023-Киров\ИОС5\ИОС5_4\СДАНО-201123\+ИОС5_4-схемы.dwg,Модель,05.12.2023 9:00:58,BobrovV,PDF-portrait.pc3,A4,1:100,
D:\YandexDisk\РАБОТАРАБОТА\РАБОТА\2023-Киров\ИОС5\ИОС5_4\СДАНО-201123\+ИОС5_4-схемы.dwg,Модель,05.12.2023 9:00:58,BobrovV,PDF-portrait.pc3,A3,1:100,
D:\YandexDisk\РАБОТАРАБОТА\РАБОТА\2023-Киров\ИОС5\ИОС5_4\СДАНО-201123\+ИОС5_4-схемы.dwg,Модель,05.12.2023 9:00:59,BobrovV,PDF-portrait.pc3,A3,1:100,
D:\YandexDisk\РАБОТАРАБОТА\РАБОТА\2023-Киров\ИОС5\ИОС5_4\СДАНО-201123\+ИОС5_4-схемы.dwg,Модель,05.12.2023 9:01:00,BobrovV,PDF-portrait.pc3,A3,1:100,
D:\YandexDisk\РАБОТАРАБОТА\РАБОТА\2023-Киров\ИОС5\ИОС5_4\СДАНО-201123\ИОС5_4-планы.dwg,Модель,05.12.2023 9:02:06,BobrovV,PDF-portrait.pc3,A1x3,1:100,
D:\YandexDisk\РАБОТАРАБОТА\РАБОТА\2023-Киров\ИОС5\ИОС5_4\СДАНО-201123\ИОС5_4-планы.dwg,Модель,05.12.2023 9:02:12,BobrovV,PDF-portrait.pc3,A1x3,1:100,
D:\YandexDisk\РАБОТАРАБОТА\РАБОТА\2023-Киров\ИОС5\ИОС5_4\СДАНО-201123\ИОС5_4-планы.dwg,Модель,05.12.2023 9:02:17,BobrovV,PDF-portrait.pc3,A1x3,1:100,
D:\YandexDisk\РАБОТАРАБОТА\РАБОТА\2023-Киров\ИОС5\ИОС5_4\СДАНО-201123\ИОС5_4-планы.dwg,Модель,05.12.2023 9:02:23,BobrovV,PDF-portrait.pc3,A1x3,1:100,
D:\YandexDisk\РАБОТАРАБОТА\РАБОТА\2023-Киров\ИОС5\ИОС5_4\СДАНО-201123\ИОС5_4-планы.dwg,Модель,05.12.2023 9:02:29,BobrovV,PDF-portrait.pc3,A1x3,1:100,
D:\YandexDisk\РАБОТАРАБОТА\РАБОТА\2023-Киров\ИОС5\ИОС5_4\СДАНО-201123\ИОС5_4-планы.dwg,Модель,05.12.2023 9:02:35,BobrovV,PDF-portrait.pc3,A1x3,1:100,
D:\YandexDisk\РАБОТАРАБОТА\РАБОТА\2023-Киров\ИОС5\ИОС5_4\СДАНО-201123\ИОС5_4-планы.dwg,Модель,05.12.2023 9:02:41,BobrovV,PDF-portrait.pc3,A1x3,1:100,
D:\YandexDisk\РАБОТАРАБОТА\РАБОТА\2023-Киров\ИОС5\ИОС5_1 (СКС Телефон Видео)\+++++ИОС5_1-схемы.dwg,Модель,06.12.2023 16:13:10,BobrovV,PDF-portrait.pc3,A3,1:100,
D:\YandexDisk\РАБОТАРАБОТА\РАБОТА\2023-Киров\ИОС5\ИОС5_1 (СКС Телефон Видео)\+++++ИОС5_1-схемы.dwg,Модель,06.12.2023 16:13:11,BobrovV,PDF-portrait.pc3,A3,1:100,
D:\YandexDisk\РАБОТАРАБОТА\РАБОТА\2023-Киров\ИОС5\ИОС5_1 (СКС Телефон Видео)\+++++ИОС5_1-схемы.dwg,Модель,06.12.2023 16:13:12,BobrovV,PDF-portrait.pc3,A3,1:100,
D:\YandexDisk\РАБОТАРАБОТА\РАБОТА\2023-Киров\ИОС5\ИОС5_1 (СКС Телефон Видео)\+++++ИОС5_1-схемы.dwg,Модель,06.12.2023 16:13:13,BobrovV,PDF-portrait.pc3,A3,1:100,
D:\YandexDisk\РАБОТАРАБОТА\РАБОТА\2023-Киров\ИОС5\ИОС5_1 (СКС Телефон Видео)\+++++ИОС5_1-схемы.dwg,Модель,06.12.2023 16:13:14,BobrovV,PDF-portrait.pc3,A3,1:100,
D:\YandexDisk\РАБОТАРАБОТА\РАБОТА\2023-Киров\ИОС5\ИОС5_1 (СКС Телефон Видео)\+++++ИОС5_1-схемы.dwg,Модель,06.12.2023 16:13:14,BobrovV,PDF-portrait.pc3,A3,1:100,
D:\YandexDisk\РАБОТАРАБОТА\РАБОТА\2023-Киров\ИОС5\ИОС5_10 (Безбилетный проход)\СДАНО-221123\ИОС5_12 (безбилет).dwg,Модель,07.12.2023 9:36:19,BobrovV,PDF-portrait.pc3,A1x3,1:100,
D:\YandexDisk\РАБОТАРАБОТА\РАБОТА\2023-Киров\ИОС5\ИОС5_10 (Безбилетный проход)\СДАНО-221123\ИОС5_12 (безбилет).dwg,Модель,07.12.2023 9:36:23,BobrovV,PDF-portrait.pc3,A3,1:100,
D:\YandexDisk\РАБОТАРАБОТА\РАБОТА\2023-Киров\ИОС5\ИОС5_10 (Безбилетный проход)\СДАНО-221123\ИОС5_12 (безбилет).dwg,Модель,07.12.2023 9:36:27,BobrovV,PDF-portrait.pc3,A4x3,1:100,
D:\YandexDisk\РАБОТАРАБОТА\РАБОТА\2023-Киров\ИОС5\ИОС5_10 (Безбилетный проход)\СДАНО-221123\ИОС5_12 (безбилет).dwg,Модель,07.12.2023 9:36:31,BobrovV,PDF-portrait.pc3,A1x3,1:100,
D:\YandexDisk\РАБОТАРАБОТА\РАБОТА\2023-Киров\ИОС5\ИОС5_10 (Безбилетный проход)\СДАНО-221123\ИОС5_12 (безбилет).dwg,Модель,07.12.2023 9:36:33,BobrovV,PDF-portrait.pc3,A3,1:100,
D:\YandexDisk\РАБОТАРАБОТА\РАБОТА\2023-Киров\ИОС5\ИОС5_10 (Безбилетный проход)\СДАНО-221123\ИОС5_12 (безбилет).dwg,Модель,07.12.2023 9:36:34,BobrovV,PDF-portrait.pc3,A3,1:100,
D:\YandexDisk\РАБОТАРАБОТА\РАБОТА\2023-Киров\ИОС5\ИОС5_3 (СКУД)\СДАНО-151123\ИОС5.3-схема.dwg,Модель,07.12.2023 9:52:25,BobrovV,PDF-portrait.pc3,A3,1:100,
D:\YandexDisk\РАБОТАРАБОТА\РАБОТА\2023-Киров\ИОС5\ИОС5_3 (СКУД)\СДАНО-151123\ИОС5.3-схема.dwg,Модель,07.12.2023 9:52:26,BobrovV,PDF-portrait.pc3,A2,1:100,
D:\YandexDisk\РАБОТАРАБОТА\РАБОТА\2023-Киров\ИОС5\ИОС5_3 (СКУД)\СДАНО-151123\ИОС5.3-план.dwg,2-План 1-го этажа,07.12.2023 9:52:45,BobrovV,PDF-portrait.pc3,A1x3,1:1,
D:\YandexDisk\РАБОТАРАБОТА\РАБОТА\2023-Киров\ИОС5\ИОС5_3 (СКУД)\СДАНО-151123\ИОС5.3-план.dwg,3-План 2-го этажа,07.12.2023 9:53:00,BobrovV,PDF-portrait.pc3,A1x3,1:1,
D:\YandexDisk\РАБОТАРАБОТА\РАБОТА\2023-Киров\ИОС5\ИОС5_3 (СКУД)\СДАНО-151123\ИОС5.3-план.dwg,4-План на отм. +11.200. Фрагменты планов на отм. +19.500. Спецификация ограждений.,07.12.2023 9:53:19,BobrovV,PDF-portrait.pc3,A1x3,1:1,
D:\YandexDisk\РАБОТАРАБОТА\РАБОТА\2023-Киров\ИОС5\ИОС5_4\СДАНО-201123\+ИОС5_4-схемы.dwg,Модель,07.12.2023 11:00:50,BobrovV,PDF-portrait.pc3,A3,1:100,
D:\YandexDisk\РАБОТАРАБОТА\РАБОТА\2023-Киров\ИОС5\ИОС5_4\СДАНО-201123\+ИОС5_4-схемы.dwg,Модель,07.12.2023 11:00:51,BobrovV,PDF-portrait.pc3,A3,1:100,
D:\YandexDisk\РАБОТАРАБОТА\РАБОТА\2023-Киров\ИОС5\ИОС5_4\СДАНО-201123\+ИОС5_4-схемы.dwg,Модель,07.12.2023 11:00:51,BobrovV,PDF-portrait.pc3,A3,1:100,
D:\YandexDisk\РАБОТАРАБОТА\РАБОТА\2023-Киров\ИОС5\ИОС5_4\СДАНО-201123\+ИОС5_4-схемы.dwg,Модель,07.12.2023 11:00:52,BobrovV,PDF-portrait.pc3,A4,1:100,
D:\YandexDisk\РАБОТАРАБОТА\РАБОТА\2023-Киров\ИОС5\ИОС5_4\СДАНО-201123\+ИОС5_4-схемы.dwg,Модель,07.12.2023 11:00:53,BobrovV,PDF-portrait.pc3,A3,1:100,
D:\YandexDisk\РАБОТАРАБОТА\РАБОТА\2023-Киров\ИОС5\ИОС5_4\СДАНО-201123\+ИОС5_4-схемы.dwg,Модель,07.12.2023 11:00:54,BobrovV,PDF-portrait.pc3,A3,1:100,
D:\YandexDisk\РАБОТАРАБОТА\РАБОТА\2023-Киров\ИОС5\ИОС5_4\СДАНО-201123\+ИОС5_4-схемы.dwg,Модель,07.12.2023 11:00:55,BobrovV,PDF-portrait.pc3,A3,1:100,
D:\YandexDisk\РАБОТАРАБОТА\РАБОТА\2023-Киров\ИОС5\ИОС5_4\СДАНО-201123\+ИОС5_4-схемы.dwg,Модель,07.12.2023 11:03:46,BobrovV,PDF-portrait.pc3,A3,1:100,
D:\YandexDisk\РАБОТАРАБОТА\РАБОТА\2023-Киров\ИОС5\ИОС5_4\СДАНО-201123\+ИОС5_4-схемы.dwg,Модель,07.12.2023 11:03:47,BobrovV,PDF-portrait.pc3,A3,1:100,
D:\YandexDisk\РАБОТАРАБОТА\РАБОТА\2023-Киров\ИОС5\ИОС5_4\СДАНО-201123\+ИОС5_4-схемы.dwg,Модель,07.12.2023 11:03:47,BobrovV,PDF-portrait.pc3,A3,1:100,
D:\YandexDisk\РАБОТАРАБОТА\РАБОТА\2023-Киров\ИОС5\ИОС5_4\СДАНО-201123\+ИОС5_4-схемы.dwg,Модель,07.12.2023 11:03:48,BobrovV,PDF-portrait.pc3,A4,1:100,
D:\YandexDisk\РАБОТАРАБОТА\РАБОТА\2023-Киров\ИОС5\ИОС5_4\СДАНО-201123\+ИОС5_4-схемы.dwg,Модель,07.12.2023 11:03:49,BobrovV,PDF-portrait.pc3,A3,1:100,
D:\YandexDisk\РАБОТАРАБОТА\РАБОТА\2023-Киров\ИОС5\ИОС5_4\СДАНО-201123\+ИОС5_4-схемы.dwg,Модель,07.12.2023 11:03:50,BobrovV,PDF-portrait.pc3,A3,1:100,
D:\YandexDisk\РАБОТАРАБОТА\РАБОТА\2023-Киров\ИОС5\ИОС5_4\СДАНО-201123\+ИОС5_4-схемы.dwg,Модель,07.12.2023 11:03:51,BobrovV,PDF-portrait.pc3,A3,1:100,
D:\YandexDisk\РАБОТАРАБОТА\РАБОТА\2023-Киров\ИОС5\ИОС5_4\СДАНО-201123\ИОС5_4-планы.dwg,Модель,07.12.2023 11:04:55,BobrovV,PDF-portrait.pc3,A1x3,1:100,
D:\YandexDisk\РАБОТАРАБОТА\РАБОТА\2023-Киров\ИОС5\ИОС5_4\СДАНО-201123\ИОС5_4-планы.dwg,Модель,07.12.2023 11:05:00,BobrovV,PDF-portrait.pc3,A1x3,1:100,
D:\YandexDisk\РАБОТАРАБОТА\РАБОТА\2023-Киров\ИОС5\ИОС5_4\СДАНО-201123\ИОС5_4-планы.dwg,Модель,07.12.2023 11:05:06,BobrovV,PDF-portrait.pc3,A1x3,1:100,
D:\YandexDisk\РАБОТАРАБОТА\РАБОТА\2023-Киров\ИОС5\ИОС5_4\СДАНО-201123\ИОС5_4-планы.dwg,Модель,07.12.2023 11:05:12,BobrovV,PDF-portrait.pc3,A1x3,1:100,
D:\YandexDisk\РАБОТАРАБОТА\РАБОТА\2023-Киров\ИОС5\ИОС5_4\СДАНО-201123\ИОС5_4-планы.dwg,Модель,07.12.2023 11:05:17,BobrovV,PDF-portrait.pc3,A1x3,1:100,
D:\YandexDisk\РАБОТАРАБОТА\РАБОТА\2023-Киров\ИОС5\ИОС5_4\СДАНО-201123\ИОС5_4-планы.dwg,Модель,07.12.2023 11:05:23,BobrovV,PDF-portrait.pc3,A1x3,1:100,
D:\YandexDisk\РАБОТАРАБОТА\РАБОТА\2023-Киров\ИОС5\ИОС5_4\СДАНО-201123\ИОС5_4-планы.dwg,Модель,07.12.2023 11:05:29,BobrovV,PDF-portrait.pc3,A1x3,1:100,
D:\YandexDisk\РАБОТАРАБОТА\РАБОТА\2023-Киров\ИОС5\ИОС5_4\СДАНО-201123\+ИОС5_4-схемы.dwg,Модель,07.12.2023 11:09:16,BobrovV,PDF-portrait.pc3,A3,1:100,
D:\YandexDisk\РАБОТАРАБОТА\РАБОТА\2023-Киров\ИОС5\ИОС5_4\СДАНО-201123\+ИОС5_4-схемы.dwg,Модель,07.12.2023 11:09:17,BobrovV,PDF-portrait.pc3,A3,1:100,
D:\YandexDisk\РАБОТАРАБОТА\РАБОТА\2023-Киров\ИОС5\ИОС5_4\СДАНО-201123\+ИОС5_4-схемы.dwg,Модель,07.12.2023 11:09:18,BobrovV,PDF-portrait.pc3,A3,1:100,
D:\YandexDisk\РАБОТАРАБОТА\РАБОТА\2023-Киров\ИОС5\ИОС5_4\СДАНО-201123\+ИОС5_4-схемы.dwg,Модель,07.12.2023 11:09:19,BobrovV,PDF-portrait.pc3,A4,1:100,
D:\YandexDisk\РАБОТАРАБОТА\РАБОТА\2023-Киров\ИОС5\ИОС5_4\СДАНО-201123\+ИОС5_4-схемы.dwg,Модель,07.12.2023 11:09:19,BobrovV,PDF-portrait.pc3,A3,1:100,
D:\YandexDisk\РАБОТАРАБОТА\РАБОТА\2023-Киров\ИОС5\ИОС5_4\СДАНО-201123\+ИОС5_4-схемы.dwg,Модель,07.12.2023 11:09:20,BobrovV,PDF-portrait.pc3,A3,1:100,
D:\YandexDisk\РАБОТАРАБОТА\РАБОТА\2023-Киров\ИОС5\ИОС5_4\СДАНО-201123\+ИОС5_4-схемы.dwg,Модель,07.12.2023 11:09:21,BobrovV,PDF-portrait.pc3,A3,1:100,
D:\YandexDisk\РАБОТАРАБОТА\РАБОТА\Астрахань\Астрахань\СТАДИЯ Р\Астрахань стадия Р изм 08.10.dwg,Модель,08.12.2023 15:24:11,BobrovV,PDF-portrait.pc3,A2,1:100,
D:\YandexDisk\РАБОТАРАБОТА\РАБОТА\Астрахань\Астрахань\СТАДИЯ Р\Астрахань стадия Р изм 08.10.dwg,Модель,08.12.2023 15:25:44,BobrovV,PDF-portrait.pc3,A2,1:100,
D:\YandexDisk\РАБОТАРАБОТА\РАБОТА\Астрахань\Астрахань\СТАДИЯ Р\Астрахань стадия Р изм 08.10.dwg,Модель,11.12.2023 9:09:32,BobrovV,PDF-portrait.pc3,A2,1:100,
D:\YandexDisk\РАБОТАРАБОТА\РАБОТА\Астрахань\Астрахань\СТАДИЯ Р\+++Астрахань стадия Р.dwg,Модель,12.12.2023 11:25:12,BobrovV,PDF-portrait.pc3,A2,1:100,
D:\YandexDisk\РАБОТАРАБОТА\РАБОТА\Астрахань\Астрахань\СТАДИЯ Р\+++Астрахань стадия Р.dwg,Модель,12.12.2023 11:25:14,BobrovV,PDF-portrait.pc3,A2,1:100,
D:\YandexDisk\РАБОТАРАБОТА\РАБОТА\Астрахань\Астрахань\СТАДИЯ Р\+++Астрахань стадия Р.dwg,Модель,12.12.2023 11:25:16,BobrovV,PDF-portrait.pc3,A2,1:100,
D:\YandexDisk\РАБОТАРАБОТА\РАБОТА\Астрахань\Астрахань\СТАДИЯ Р\+++Астрахань стадия Р.dwg,Модель,12.12.2023 11:25:18,BobrovV,PDF-portrait.pc3,A2,1:100,
D:\YandexDisk\РАБОТАРАБОТА\РАБОТА\Астрахань\Астрахань\СТАДИЯ Р\+++Астрахань стадия Р.dwg,Модель,12.12.2023 11:25:20,BobrovV,PDF-portrait.pc3,A2,1:100,
D:\YandexDisk\РАБОТАРАБОТА\РАБОТА\Астрахань\Астрахань\СТАДИЯ Р\+++Астрахань стадия Р.dwg,Модель,12.12.2023 11:25:22,BobrovV,PDF-portrait.pc3,A2,1:100,
D:\YandexDisk\РАБОТАРАБОТА\РАБОТА\Астрахань\Астрахань\СТАДИЯ Р\+++Астрахань стадия Р.dwg,Модель,12.12.2023 11:25:23,BobrovV,PDF-portrait.pc3,A2,1:100,
D:\YandexDisk\РАБОТАРАБОТА\РАБОТА\Астрахань\Астрахань\СТАДИЯ Р\+++Астрахань стадия Р.dwg,Модель,12.12.2023 11:25:25,BobrovV,PDF-portrait.pc3,A2,1:100,
D:\YandexDisk\РАБОТАРАБОТА\РАБОТА\Астрахань\Астрахань\СТАДИЯ Р\+++Астрахань стадия Р.dwg,Модель,12.12.2023 11:25:27,BobrovV,PDF-portrait.pc3,A2,1:100,
D:\YandexDisk\РАБОТАРАБОТА\РАБОТА\Астрахань\Астрахань\СТАДИЯ Р\+++Астрахань стадия Р.dwg,Модель,12.12.2023 11:25:30,BobrovV,PDF-portrait.pc3,A2,1:100,
D:\YandexDisk\РАБОТАРАБОТА\РАБОТА\Астрахань\Астрахань\СТАДИЯ Р\+++Астрахань стадия Р.dwg,Модель,12.12.2023 11:25:32,BobrovV,PDF-portrait.pc3,A2,1:100,
D:\YandexDisk\РАБОТАРАБОТА\РАБОТА\Астрахань\Астрахань\СТАДИЯ Р\+++Астрахань стадия Р.dwg,Модель,12.12.2023 11:25:34,BobrovV,PDF-portrait.pc3,A3,1:100,
D:\YandexDisk\РАБОТАРАБОТА\РАБОТА\Астрахань\Астрахань\СТАДИЯ Р\+++Астрахань стадия Р.dwg,Модель,12.12.2023 11:25:36,BobrovV,PDF-portrait.pc3,A3,1:100,
D:\YandexDisk\РАБОТАРАБОТА\РАБОТА\Астрахань\Астрахань\СТАДИЯ Р\+++Астрахань стадия Р.dwg,Модель,12.12.2023 11:25:37,BobrovV,PDF-portrait.pc3,A3,1:100,
D:\YandexDisk\РАБОТАРАБОТА\РАБОТА\Астрахань\Астрахань\СТАДИЯ Р\+++Астрахань стадия Р.dwg,Модель,12.12.2023 11:25:39,BobrovV,PDF-portrait.pc3,A3,1:100,
D:\YandexDisk\РАБОТАРАБОТА\РАБОТА\Астрахань\Астрахань\СТАДИЯ Р\+++Астрахань стадия Р.dwg,Модель,12.12.2023 11:25:40,BobrovV,PDF-portrait.pc3,A3,1:100,
D:\YandexDisk\РАБОТАРАБОТА\РАБОТА\Астрахань\Астрахань\СТАДИЯ Р\+++Астрахань стадия Р.dwg,Модель,12.12.2023 11:25:41,BobrovV,PDF-portrait.pc3,A3,1:100,
D:\YandexDisk\РАБОТАРАБОТА\РАБОТА\Астрахань\Астрахань\СТАДИЯ Р\+++Астрахань стадия Р.dwg,Модель,12.12.2023 11:25:42,BobrovV,PDF-portrait.pc3,A3,1:100,
D:\YandexDisk\РАБОТАРАБОТА\РАБОТА\Астрахань\Астрахань\СТАДИЯ Р\+++Астрахань стадия Р.dwg,Модель,12.12.2023 11:25:43,BobrovV,PDF-portrait.pc3,A3,1:100,
D:\YandexDisk\РАБОТАРАБОТА\РАБОТА\Астрахань\Астрахань\СТАДИЯ Р\+++Астрахань стадия Р.dwg,Модель,12.12.2023 11:25:45,BobrovV,PDF-portrait.pc3,A3,1:100,
D:\YandexDisk\РАБОТАРАБОТА\РАБОТА\Астрахань\Астрахань\СТАДИЯ Р\+++Астрахань стадия Р.dwg,Модель,12.12.2023 11:25:46,BobrovV,PDF-portrait.pc3,A3,1:100,
D:\YandexDisk\РАБОТАРАБОТА\РАБОТА\Астрахань\Астрахань\СТАДИЯ Р\+++Астрахань стадия Р.dwg,Модель,12.12.2023 11:25:48,BobrovV,PDF-portrait.pc3,A3,1:100,
D:\YandexDisk\РАБОТАРАБОТА\РАБОТА\Астрахань\Астрахань\СТАДИЯ Р\+++Астрахань стадия Р.dwg,Модель,12.12.2023 11:25:49,BobrovV,PDF-portrait.pc3,A3,1:100,
D:\YandexDisk\РАБОТАРАБОТА\РАБОТА\Астрахань\Астрахань\СТАДИЯ Р\+++Астрахань стадия Р.dwg,Модель,12.12.2023 11:25:50,BobrovV,PDF-portrait.pc3,A3,1:100,
D:\YandexDisk\РАБОТАРАБОТА\РАБОТА\Астрахань\Астрахань\СТАДИЯ Р\+++Астрахань стадия Р.dwg,Модель,12.12.2023 11:25:51,BobrovV,PDF-portrait.pc3,A3,1:100,
D:\YandexDisk\РАБОТАРАБОТА\РАБОТА\Астрахань\Астрахань\СТАДИЯ Р\+++Астрахань стадия Р.dwg,Модель,12.12.2023 11:25:53,BobrovV,PDF-portrait.pc3,A3,1:100,
D:\YandexDisk\РАБОТАРАБОТА\РАБОТА\Астрахань\Астрахань\СТАДИЯ Р\+++Астрахань стадия Р.dwg,Модель,12.12.2023 11:25:54,BobrovV,PDF-portrait.pc3,A3,1:100,
D:\YandexDisk\РАБОТАРАБОТА\РАБОТА\Астрахань\Астрахань\СТАДИЯ Р\+++Астрахань стадия Р.dwg,Модель,12.12.2023 11:25:55,BobrovV,PDF-portrait.pc3,A3,1:100,
D:\YandexDisk\РАБОТАРАБОТА\РАБОТА\Астрахань\Астрахань\СТАДИЯ Р\+++Астрахань стадия Р.dwg,Модель,12.12.2023 11:25:56,BobrovV,PDF-portrait.pc3,A3,1:100,
D:\YandexDisk\РАБОТАРАБОТА\РАБОТА\Астрахань\Астрахань\СТАДИЯ Р\+++Астрахань стадия Р.dwg,Модель,12.12.2023 11:25:58,BobrovV,PDF-portrait.pc3,A3,1:100,
D:\YandexDisk\РАБОТАРАБОТА\РАБОТА\Астрахань\Астрахань\СТАДИЯ Р\+++Астрахань стадия Р.dwg,Модель,12.12.2023 11:25:59,BobrovV,PDF-portrait.pc3,A3,1:100,
D:\YandexDisk\РАБОТАРАБОТА\РАБОТА\Астрахань\Астрахань\СТАДИЯ Р\+++Астрахань стадия Р.dwg,Модель,12.12.2023 11:26:00,BobrovV,PDF-portrait.pc3,A3,1:100,
D:\YandexDisk\РАБОТАРАБОТА\РАБОТА\Астрахань\Астрахань\СТАДИЯ Р\+++Астрахань стадия Р.dwg,Модель,12.12.2023 11:26:01,BobrovV,PDF-portrait.pc3,A3,1:100,
D:\YandexDisk\РАБОТАРАБОТА\РАБОТА\Астрахань\Астрахань\СТАДИЯ Р\+++Астрахань стадия Р.dwg,Модель,12.12.2023 11:26:03,BobrovV,PDF-portrait.pc3,A3,1:100,
D:\YandexDisk\РАБОТАРАБОТА\РАБОТА\Астрахань\Астрахань\СТАДИЯ Р\+++Астрахань стадия Р.dwg,Модель,12.12.2023 11:26:04,BobrovV,PDF-portrait.pc3,A3,1:100,
D:\YandexDisk\РАБОТАРАБОТА\РАБОТА\Астрахань\Астрахань\СТАДИЯ Р\+++Астрахань стадия Р.dwg,Модель,12.12.2023 11:26:05,BobrovV,PDF-portrait.pc3,A1,1:100,
D:\YandexDisk\РАБОТАРАБОТА\РАБОТА\Астрахань\Астрахань\СТАДИЯ Р\+++Астрахань стадия Р.dwg,Модель,12.12.2023 11:26:10,BobrovV,PDF-portrait.pc3,A1,1:100,
D:\YandexDisk\РАБОТАРАБОТА\РАБОТА\Астрахань\Астрахань\СТАДИЯ Р\+++Астрахань стадия Р.dwg,Модель,12.12.2023 11:26:14,BobrovV,PDF-portrait.pc3,A1,1:100,
D:\YandexDisk\РАБОТАРАБОТА\РАБОТА\Астрахань\Астрахань\СТАДИЯ Р\+++Астрахань стадия Р.dwg,Модель,12.12.2023 11:26:19,BobrovV,PDF-portrait.pc3,A1,1:100,
D:\YandexDisk\РАБОТАРАБОТА\РАБОТА\Астрахань\Астрахань\СТАДИЯ Р\+++Астрахань стадия Р.dwg,Модель,12.12.2023 11:26:23,BobrovV,PDF-portrait.pc3,A1,1:100,
D:\YandexDisk\РАБОТАРАБОТА\РАБОТА\Астрахань\Астрахань\СТАДИЯ Р\+++Астрахань стадия Р.dwg,Модель,12.12.2023 11:26:27,BobrovV,PDF-portrait.pc3,A1,1:100,
D:\YandexDisk\РАБОТАРАБОТА\РАБОТА\Астрахань\Астрахань\СТАДИЯ Р\+++Астрахань стадия Р.dwg,Модель,12.12.2023 11:26:31,BobrovV,PDF-portrait.pc3,A1,1:100,
D:\YandexDisk\РАБОТАРАБОТА\РАБОТА\Астрахань\Астрахань\СТАДИЯ Р\+++Астрахань стадия Р.dwg,Модель,12.12.2023 11:26:39,BobrovV,PDF-portrait.pc3,A3x3,1:100,
D:\YandexDisk\РАБОТАРАБОТА\РАБОТА\Астрахань\Астрахань\СТАДИЯ Р\+++Астрахань стадия Р.dwg,Модель,12.12.2023 11:26:46,BobrovV,PDF-portrait.pc3,A3x3,1:100,
D:\YandexDisk\РАБОТАРАБОТА\РАБОТА\Астрахань\Астрахань\СТАДИЯ Р\+++Астрахань стадия Р.dwg,Модель,12.12.2023 11:26:52,BobrovV,PDF-portrait.pc3,A3x3,1:100,
D:\YandexDisk\РАБОТАРАБОТА\РАБОТА\Астрахань\Астрахань\СТАДИЯ Р\+++Астрахань стадия Р.dwg,Модель,12.12.2023 11:26:58,BobrovV,PDF-portrait.pc3,A3x3,1:100,
D:\YandexDisk\РАБОТАРАБОТА\РАБОТА\Астрахань\Астрахань\СТАДИЯ Р\+++Астрахань стадия Р.dwg,Модель,12.12.2023 11:27:04,BobrovV,PDF-portrait.pc3,A3x3,1:100,
D:\YandexDisk\РАБОТАРАБОТА\РАБОТА\Астрахань\Астрахань\СТАДИЯ Р\Титул Р.dwg,Модель,12.12.2023 14:42:05,BobrovV,PDF-portrait.pc3,A3,1:100,
D:\YandexDisk\temp2\2023-Клочков-Ангарская\Умный дом\Умный дом-схема.dwg,Модель,13.12.2023 11:51:46,BobrovV,PDF-portrait.pc3,A2,1:100,
D:\YandexDisk\temp2\2023-Клочков-Ангарская\Умный дом\Умный дом-схема.dwg,Модель,13.12.2023 11:51:46,BobrovV,PDF-portrait.pc3,A2,1:100,
D:\YandexDisk\temp2\2023-Клочков-Ангарская\Умный дом\Умный дом-схема.dwg,Модель,13.12.2023 11:51:47,BobrovV,PDF-portrait.pc3,A2,1:100,
D:\YandexDisk\temp2\2023-Клочков-Ангарская\Умный дом\Умный дом-схема.dwg,Модель,13.12.2023 11:51:47,BobrovV,PDF-portrait.pc3,A1,1:100,
D:\YandexDisk\РАБОТАРАБОТА\РАБОТА\2023-Киров\ИОС5\ИОС5_4 (РТ ЧС МГН)\СДАНО-201123\+ИОС5_4-схемы.dwg,Модель,14.12.2023 14:50:11,BobrovV,PDF-portrait.pc3,A3,1:100,
D:\YandexDisk\РАБОТАРАБОТА\РАБОТА\2023-Киров\ИОС5\ИОС5_4 (РТ ЧС МГН)\СДАНО-201123\+ИОС5_4-схемы.dwg,Модель,14.12.2023 14:50:12,BobrovV,PDF-portrait.pc3,A3,1:100,
D:\YandexDisk\РАБОТАРАБОТА\РАБОТА\2023-Киров\ИОС5\ИОС5_4 (РТ ЧС МГН)\СДАНО-201123\+ИОС5_4-схемы.dwg,Модель,14.12.2023 14:50:12,BobrovV,PDF-portrait.pc3,A3,1:100,
D:\YandexDisk\РАБОТАРАБОТА\РАБОТА\2023-Киров\ИОС5\ИОС5_4 (РТ ЧС МГН)\СДАНО-201123\+ИОС5_4-схемы.dwg,Модель,14.12.2023 14:50:13,BobrovV,PDF-portrait.pc3,A4,1:100,
D:\YandexDisk\РАБОТАРАБОТА\РАБОТА\2023-Киров\ИОС5\ИОС5_4 (РТ ЧС МГН)\СДАНО-201123\+ИОС5_4-схемы.dwg,Модель,14.12.2023 14:50:13,BobrovV,PDF-portrait.pc3,A3,1:100,
D:\YandexDisk\РАБОТАРАБОТА\РАБОТА\2023-Киров\ИОС5\ИОС5_4 (РТ ЧС МГН)\СДАНО-201123\+ИОС5_4-схемы.dwg,Модель,14.12.2023 14:50:14,BobrovV,PDF-portrait.pc3,A3,1:100,
D:\YandexDisk\РАБОТАРАБОТА\РАБОТА\2023-Киров\ИОС5\ИОС5_4 (РТ ЧС МГН)\СДАНО-201123\+ИОС5_4-схемы.dwg,Модель,14.12.2023 14:50:14,BobrovV,PDF-portrait.pc3,A3,1:100,
D:\YandexDisk\РАБОТАРАБОТА\РАБОТА\2023-Киров\ИОС5\ИОС5_4 (РТ ЧС МГН)\СДАНО-201123\+ИОС5_4-схемы.dwg,Модель,14.12.2023 14:50:15,BobrovV,PDF-portrait.pc3,A3,1:100,
D:\YandexDisk\РАБОТАРАБОТА\РАБОТА\2023-Киров\ИОС5\ИОС5_4 (РТ ЧС МГН)\СДАНО-201123\+ИОС5_4-схемы.dwg,Модель,14.12.2023 14:50:15,BobrovV,PDF-portrait.pc3,A3,1:100,
D:\YandexDisk\РАБОТАРАБОТА\РАБОТА\2023-Киров\ИОС5\ИОС5_4 (РТ ЧС МГН)\СДАНО-201123\ИОС5_4-планы.dwg,Модель,14.12.2023 15:00:49,BobrovV,PDF-portrait.pc3,A1x3,1:100,
D:\YandexDisk\РАБОТАРАБОТА\РАБОТА\2023-Киров\ИОС5\ИОС5_4 (РТ ЧС МГН)\СДАНО-201123\ИОС5_4-планы.dwg,Модель,14.12.2023 15:00:54,BobrovV,PDF-portrait.pc3,A1x3,1:100,
D:\YandexDisk\РАБОТАРАБОТА\РАБОТА\2023-Киров\ИОС5\ИОС5_4 (РТ ЧС МГН)\СДАНО-201123\ИОС5_4-планы.dwg,Модель,14.12.2023 15:00:59,BobrovV,PDF-portrait.pc3,A1x3,1:100,
D:\YandexDisk\РАБОТАРАБОТА\РАБОТА\2023-Киров\ИОС5\ИОС5_4 (РТ ЧС МГН)\СДАНО-201123\ИОС5_4-планы.dwg,Модель,14.12.2023 15:01:04,BobrovV,PDF-portrait.pc3,A1x3,1:100,
D:\YandexDisk\РАБОТАРАБОТА\РАБОТА\2023-Киров\ИОС5\ИОС5_4 (РТ ЧС МГН)\СДАНО-201123\ИОС5_4-планы.dwg,Модель,14.12.2023 15:01:09,BobrovV,PDF-portrait.pc3,A1x3,1:100,
D:\YandexDisk\РАБОТАРАБОТА\РАБОТА\2023-Киров\ИОС5\ИОС5_4 (РТ ЧС МГН)\СДАНО-201123\ИОС5_4-планы.dwg,Модель,14.12.2023 15:01:15,BobrovV,PDF-portrait.pc3,A1x3,1:100,
D:\YandexDisk\РАБОТАРАБОТА\РАБОТА\2023-Киров\ИОС5\ИОС5_4 (РТ ЧС МГН)\СДАНО-201123\ИОС5_4-планы.dwg,Модель,14.12.2023 15:01:20,BobrovV,PDF-portrait.pc3,A1x3,1:100,
D:\YandexDisk\РАБОТАРАБОТА\РАБОТА\2023-Киров\ИОС5\ИОС5_4 (РТ ЧС МГН)\СДАНО-201123\+ИОС5_4-схемы.dwg,Модель,15.12.2023 10:25:35,BobrovV,PDF-portrait.pc3,A3,1:100,
D:\YandexDisk\РАБОТАРАБОТА\РАБОТА\2023-Киров\ИОС5\ИОС5_4 (РТ ЧС МГН)\СДАНО-201123\+ИОС5_4-схемы.dwg,Модель,15.12.2023 10:25:36,BobrovV,PDF-portrait.pc3,A3,1:100,
D:\YandexDisk\РАБОТАРАБОТА\РАБОТА\2023-Киров\ИОС5\ИОС5_4 (РТ ЧС МГН)\СДАНО-201123\+ИОС5_4-схемы.dwg,Модель,15.12.2023 10:25:37,BobrovV,PDF-portrait.pc3,A3,1:100,
D:\YandexDisk\РАБОТАРАБОТА\РАБОТА\2023-Киров\ИОС5\ИОС5_4 (РТ ЧС МГН)\СДАНО-201123\+ИОС5_4-схемы.dwg,Модель,15.12.2023 10:25:37,BobrovV,PDF-portrait.pc3,A3,1:100,
D:\YandexDisk\temp2\2022-Юникс-ДКЯнино\Изменения 1\СДАНО прошло экспертизу\ИОС5.3 изменения 5\ИОС5.3-ИЗМ5-сдано140923_спецификация+РАСЦО.dwg,Модель,20.12.2023 11:37:56,BobrovV,PDF-portrait.pc3,A3,1:100,
D:\YandexDisk\temp2\2023-Клочков-Ангарская\Умный дом\Умный дом-схема.dwg,Модель,21.12.2023 8:33:44,BobrovV,PDF-portrait.pc3,A2,1:100,
D:\YandexDisk\temp2\2023-Клочков-Ангарская\Умный дом\Умный дом-схема.dwg,Модель,21.12.2023 8:33:45,BobrovV,PDF-portrait.pc3,A1,1:100,
D:\YandexDisk\temp2\2023-Клочков-Ангарская\Умный дом\Умный дом-схема.dwg,Модель,21.12.2023 8:33:46,BobrovV,PDF-portrait.pc3,A2,1:100,
D:\YandexDisk\temp2\2023-Клочков-Ангарская\Умный дом\Умный дом-схема.dwg,Модель,21.12.2023 8:33:46,BobrovV,PDF-portrait.pc3,A2,1:100,
D:\YandexDisk\temp2\2023-Клочков-Ангарская\Умный дом\Умный дом-схема.dwg,Модель,21.12.2023 8:55:53,BobrovV,PDF-portrait.pc3,A2,1:100,
D:\YandexDisk\temp2\2023-Клочков-Ангарская\Умный дом\Умный дом-схема.dwg,Модель,21.12.2023 8:55:54,BobrovV,PDF-portrait.pc3,A2,1:100,
D:\YandexDisk\temp2\2023-Клочков-Ангарская\Умный дом\Умный дом-схема.dwg,Модель,21.12.2023 8:55:54,BobrovV,PDF-portrait.pc3,A2,1:100,
D:\YandexDisk\temp2\2023-Клочков-Ангарская\Умный дом\Умный дом-схема.dwg,Модель,21.12.2023 8:55:55,BobrovV,PDF-portrait.pc3,A1,1:100,
D:\YandexDisk\РАБОТАРАБОТА\РАБОТА\2023-Анино\Анино\АСУД\Сдано-281223\ИОС5.5 АСУД_И.dwg,Модель,28.12.2023 15:24:16,BobrovV,PDF-portrait.pc3,A2,1:1,
D:\YandexDisk\РАБОТАРАБОТА\РАБОТА\2023-Анино\Анино\АСУД\Сдано-281223\ИОС5.5 АСУД_И.dwg,Модель,28.12.2023 15:24:16,BobrovV,PDF-portrait.pc3,A3,1:1,
D:\YandexDisk\РАБОТАРАБОТА\РАБОТА\2023-Анино\Анино\АСУД\Сдано-281223\ИОС5.5 АСУД_И.dwg,Модель,28.12.2023 15:24:17,BobrovV,PDF-portrait.pc3,A3,1:1,
D:\YandexDisk\РАБОТАРАБОТА\РАБОТА\2023-Анино\Анино\АСУД\Сдано-281223\ИОС5.5 АСУД_И.dwg,Модель,28.12.2023 15:24:17,BobrovV,PDF-portrait.pc3,A3,1:1,
D:\YandexDisk\РАБОТАРАБОТА\РАБОТА\2023-Анино\Анино\АСУД\Сдано-281223\ИОС5.5 АСУД_И.dwg,Модель,28.12.2023 15:24:18,BobrovV,PDF-portrait.pc3,A3,1:1,
D:\YandexDisk\РАБОТАРАБОТА\РАБОТА\2023-Анино\Анино\АСУД\Сдано-281223\ИОС5.5 АСУД_И.dwg,Модель,28.12.2023 15:24:18,BobrovV,PDF-portrait.pc3,A3,1:1,
D:\YandexDisk\РАБОТАРАБОТА\РАБОТА\2023-Анино\Анино\АСУД\Сдано-281223\ИОС5.5 АСУД_И.dwg,Модель,28.12.2023 15:24:19,BobrovV,PDF-portrait.pc3,A3,1:1,
D:\YandexDisk\РАБОТАРАБОТА\РАБОТА\2023-Анино\Анино\АСУД\Сдано-281223\ИОС5.5 АСУД_И.dwg,Модель,28.12.2023 15:24:19,BobrovV,PDF-portrait.pc3,A3,1:1,
D:\YandexDisk\РАБОТАРАБОТА\РАБОТА\2023-Анино\Анино\АСУД\Сдано-281223\ИОС5.5 АСУД_И.dwg,Модель,28.12.2023 15:24:19,BobrovV,PDF-portrait.pc3,A3,1:1,
D:\YandexDisk\РАБОТАРАБОТА\РАБОТА\2023-Анино\Анино\АСУД\Сдано-281223\ИОС5.5 АСУД_И.dwg,Модель,28.12.2023 15:24:20,BobrovV,PDF-portrait.pc3,A3,1:1,
D:\YandexDisk\РАБОТАРАБОТА\РАБОТА\2023-Анино\Анино\ЭН\Сдано291223\ЭН.dwg,Лист1,29.12.2023 10:13:16,BobrovV,PDF-portrait.pc3,A3,1:1,
D:\YandexDisk\РАБОТАРАБОТА\РАБОТА\2023-Анино\Анино\ЭН\Сдано291223\ЭН.dwg,Лист1,29.12.2023 10:13:17,BobrovV,PDF-portrait.pc3,A3,1:1,
D:\YandexDisk\РАБОТАРАБОТА\РАБОТА\2023-Анино\Анино\ЭН\Сдано291223\ЭН.dwg,Лист1,29.12.2023 10:13:17,BobrovV,PDF-portrait.pc3,A4,1:1,
D:\YandexDisk\РАБОТАРАБОТА\РАБОТА\2023-Анино\Анино\ЭН\Сдано291223\ЭН.dwg,Лист1,29.12.2023 10:13:17,BobrovV,PDF-portrait.pc3,A2,1:1,
D:\YandexDisk\РАБОТАРАБОТА\РАБОТА\2023-Анино\Анино\ЭН\Сдано291223\ЭН.dwg,Лист1,29.12.2023 10:15:06,BobrovV,Adobe PDF,A1,1:1,
D:\YandexDisk\РАБОТАРАБОТА\РАБОТА\2023-Анино\Анино\ЭН\Сдано291223\ЭН.dwg,Лист1,29.12.2023 10:15:56,BobrovV,PDF-portrait.pc3,A1,1:1,
D:\YandexDisk\CalcTools\ШАБЛОНЫ\шаблоны форматов.dwg,Модель,18.01.2024 8:41:57,BobrovV,PDF-portrait.pc3,A4,1:1,
D:\YandexDisk\РАБОТАРАБОТА\РАБОТА\2023-Анино\Анино\ЭН\Сдано290124-ИЗМ1\ЭН.dwg,Лист1,01.02.2024 14:51:28,BobrovV,PDF-portrait.pc3,A3,1:1,
D:\YandexDisk\РАБОТАРАБОТА\РАБОТА\2023-Анино\Анино\ЭН\Сдано290124-ИЗМ1\ЭН.dwg,Лист1,01.02.2024 14:51:28,BobrovV,PDF-portrait.pc3,A3,1:1,
D:\YandexDisk\РАБОТАРАБОТА\РАБОТА\2023-Анино\Анино\ЭН\Сдано290124-ИЗМ1\ЭН.dwg,Лист1,01.02.2024 14:51:29,BobrovV,PDF-portrait.pc3,A2,1:1,
D:\YandexDisk\РАБОТАРАБОТА\РАБОТА\2023-Анино\Анино\АСУД\ИЗМ1 - 300124\ИОС5.5 АСУД_И.dwg,Модель,01.02.2024 15:01:08,BobrovV,PDF-portrait.pc3,A2,1:1,
D:\YandexDisk\РАБОТАРАБОТА\РАБОТА\2023-Анино\Анино\АСУД\ИЗМ1 - 300124\ИОС5.5 АСУД_И.dwg,Модель,01.02.2024 15:01:19,BobrovV,PDF-portrait.pc3,A3,1:1,
D:\YandexDisk\РАБОТАРАБОТА\РАБОТА\2023-Анино\Анино\АСУД\ИЗМ1 - 300124\ИОС5.5 АСУД_И.dwg,Модель,01.02.2024 15:01:20,BobrovV,PDF-portrait.pc3,A3,1:1,
D:\YandexDisk\РАБОТАРАБОТА\РАБОТА\2023-Анино\Анино\АСУД\ИЗМ1 - 300124\ИОС5.5 АСУД_И.dwg,Модель,01.02.2024 15:02:32,BobrovV,PDF-portrait.pc3,A2,1:1,
D:\YandexDisk\РАБОТАРАБОТА\РАБОТА\2023-Анино\Анино\АСУД\ИЗМ1 - 300124\ИОС5.5 АСУД_И.dwg,Модель,01.02.2024 15:02:32,BobrovV,PDF-portrait.pc3,A3,1:1,
D:\YandexDisk\РАБОТАРАБОТА\РАБОТА\2023-Анино\Анино\АСУД\ИЗМ1 - 300124\ИОС5.5 АСУД_И.dwg,Модель,01.02.2024 15:02:33,BobrovV,PDF-portrait.pc3,A3,1:1,
D:\YandexDisk\РАБОТАРАБОТА\РАБОТА\2023-Анино\Анино\АСУД\ИЗМ1 - 300124\ИОС5.5 АСУД_И.dwg,Модель,01.02.2024 15:02:33,BobrovV,PDF-portrait.pc3,A3,1:1,
D:\YandexDisk\РАБОТАРАБОТА\РАБОТА\2023-Анино\Анино\АСУД\ИЗМ1 - 300124\ИОС5.5 АСУД_И.dwg,Модель,01.02.2024 15:02:34,BobrovV,PDF-portrait.pc3,A3,1:1,
D:\YandexDisk\РАБОТАРАБОТА\РАБОТА\2023-Анино\Анино\АСУД\ИЗМ1 - 300124\ИОС5.5 АСУД_И.dwg,Модель,01.02.2024 15:02:34,BobrovV,PDF-portrait.pc3,A3,1:1,
D:\YandexDisk\РАБОТАРАБОТА\РАБОТА\2023-Анино\Анино\АСУД\ИЗМ1 - 300124\ИОС5.5 АСУД_И.dwg,Модель,01.02.2024 15:02:35,BobrovV,PDF-portrait.pc3,A3,1:1,
D:\YandexDisk\РАБОТАРАБОТА\РАБОТА\2023-Анино\Анино\АСУД\ИЗМ1 - 300124\ИОС5.5 АСУД_И.dwg,Модель,01.02.2024 15:02:35,BobrovV,PDF-portrait.pc3,A3,1:1,
D:\YandexDisk\РАБОТАРАБОТА\РАБОТА\2023-Анино\Анино\АСУД\ИЗМ1 - 300124\ИОС5.5 АСУД_И.dwg,Модель,01.02.2024 15:02:36,BobrovV,PDF-portrait.pc3,A3,1:1,
D:\YandexDisk\РАБОТАРАБОТА\РАБОТА\2023-Анино\Анино\АСУД\ИЗМ1 - 300124\ИОС5.5 АСУД_И.dwg,Модель,01.02.2024 15:02:36,BobrovV,PDF-portrait.pc3,A3,1:1,
D:\!РАБОТА\2024-Алыгджер\СДАНО-090224\Том 5.1-ИОС5.1_ИЗМ1.dwg,Лист1,09.02.2024 15:32:34,BobrovV,PDF-portrait.pc3,A2,1:1,
D:\!РАБОТА\2024-Алыгджер\СДАНО-090224\Том 5.1-ИОС5.1_ИЗМ1.dwg,Лист1,09.02.2024 15:35:38,BobrovV,PDF-portrait.pc3,A2,1:1,
D:\!РАБОТА\2024-Алыгджер\СДАНО-090224\Том 5.1-ИОС5.1_ИЗМ1.dwg,Модель,09.02.2024 15:38:16,BobrovV,PDF-portrait.pc3,A3,1:1,
D:\!РАБОТА\2024-Алыгджер\СДАНО-090224\Том 5.1-ИОС5.1_ИЗМ1.dwg,Модель,09.02.2024 15:38:17,BobrovV,PDF-portrait.pc3,A3,1:1,
D:\!РАБОТА\2024-Алыгджер\СДАНО-090224\Том 5.1-ИОС5.1_ИЗМ1.dwg,Модель,09.02.2024 15:38:18,BobrovV,PDF-portrait.pc3,A3,1:1,
D:\!РАБОТА\2024-Алыгджер\СДАНО-090224\Том 5.1-ИОС5.1_ИЗМ1.dwg,Модель,09.02.2024 15:38:18,BobrovV,PDF-portrait.pc3,A3,1:1,
D:\!РАБОТА\2024-Алыгджер\СДАНО-090224\Том 5.1-ИОС5.1_ИЗМ1.dwg,Модель,09.02.2024 15:38:22,BobrovV,PDF-portrait.pc3,A4x3,1:1,
D:\!РАБОТА\2024-Алыгджер\СДАНО-090224\Том 5.1-ИОС5.1_ИЗМ1.dwg,Модель,09.02.2024 15:38:23,BobrovV,PDF-portrait.pc3,A3,1:1,
D:\!РАБОТА\2024-Алыгджер\СДАНО-090224\Том 5.1-ИОС5.1_ИЗМ1.dwg,Модель,09.02.2024 15:38:24,BobrovV,PDF-portrait.pc3,A3,1:1,
D:\!РАБОТА\2024-Алыгджер\СДАНО-090224\Том 5.1-ИОС5.1_ИЗМ1.dwg,Модель,09.02.2024 15:38:24,BobrovV,PDF-portrait.pc3,A3,1:1,
D:\!РАБОТА\2024-Алыгджер\СДАНО-090224\Том 5.1-ИОС5.1_ИЗМ1.dwg,Модель,09.02.2024 15:38:25,BobrovV,PDF-portrait.pc3,A3,1:1,
D:\!РАБОТА\2024-Алыгджер\СДАНО-090224\Том 5.1-ИОС5.1_ИЗМ1.dwg,Модель,09.02.2024 15:38:25,BobrovV,PDF-portrait.pc3,A4,1:1,
D:\!РАБОТА\2024-Алыгджер\СДАНО-090224\Том 5.1-ИОС5.1_ИЗМ1.dwg,Модель,09.02.2024 15:41:17,BobrovV,PDF-portrait.pc3,A3,1:1,
D:\!РАБОТА\2024-Алыгджер\СДАНО-090224\Том 5.1-ИОС5.1_ИЗМ1.dwg,Модель,09.02.2024 15:41:18,BobrovV,PDF-portrait.pc3,A3,1:1,
D:\!РАБОТА\2024-Алыгджер\СДАНО-090224\Том 5.1-ИОС5.1_ИЗМ1.dwg,Модель,09.02.2024 15:41:19,BobrovV,PDF-portrait.pc3,A3,1:1,
D:\!РАБОТА\2024-Алыгджер\СДАНО-090224\Том 5.1-ИОС5.1_ИЗМ1.dwg,Модель,09.02.2024 15:41:19,BobrovV,PDF-portrait.pc3,A3,1:1,
D:\!РАБОТА\2024-Алыгджер\СДАНО-090224\Том 5.1-ИОС5.1_ИЗМ1.dwg,Модель,09.02.2024 15:41:23,BobrovV,PDF-portrait.pc3,A4x3,1:1,
D:\!РАБОТА\2024-Алыгджер\СДАНО-090224\Том 5.1-ИОС5.1_ИЗМ1.dwg,Модель,09.02.2024 15:41:24,BobrovV,PDF-portrait.pc3,A3,1:1,
D:\!РАБОТА\2024-Алыгджер\СДАНО-090224\Том 5.1-ИОС5.1_ИЗМ1.dwg,Модель,09.02.2024 15:41:25,BobrovV,PDF-portrait.pc3,A3,1:1,
D:\!РАБОТА\2024-Алыгджер\СДАНО-090224\Том 5.1-ИОС5.1_ИЗМ1.dwg,Модель,09.02.2024 15:41:25,BobrovV,PDF-portrait.pc3,A3,1:1,
D:\!РАБОТА\2024-Алыгджер\СДАНО-090224\Том 5.1-ИОС5.1_ИЗМ1.dwg,Модель,09.02.2024 15:41:26,BobrovV,PDF-portrait.pc3,A3,1:1,
D:\!РАБОТА\2024-Алыгджер\СДАНО-090224\Том 5.1-ИОС5.1_ИЗМ1.dwg,Модель,09.02.2024 15:41:26,BobrovV,PDF-portrait.pc3,A4,1:1,
D:\!РАБОТА\2024-Алыгджер\СДАНО-090224\Том 5.1-ИОС5.1_ИЗМ1.dwg,Модель,09.02.2024 15:41:27,BobrovV,PDF-portrait.pc3,A4,1:1,
D:\!РАБОТА\2024-Алыгджер\СДАНО-090224\Том 5.1-ИОС5.1_ИЗМ1.dwg,Модель,09.02.2024 15:41:27,BobrovV,PDF-portrait.pc3,A4,1:1,
D:\!РАБОТА\2024-Алыгджер\СДАНО-090224\Том 5.1-ИОС5.1_ИЗМ1.dwg,Модель,09.02.2024 15:41:28,BobrovV,PDF-portrait.pc3,A4,1:1,
D:\!РАБОТА\2024-Алыгджер\СДАНО-090224\Том 5.1-ИОС5.1_ИЗМ1.dwg,Модель,09.02.2024 15:41:28,BobrovV,PDF-portrait.pc3,A3,1:1,
D:\!РАБОТА\2024-Алыгджер\СДАНО-090224\Том 5.1-ИОС5.1_ИЗМ1.dwg,Модель,09.02.2024 15:41:29,BobrovV,PDF-portrait.pc3,A3,1:1,
D:\!РАБОТА\2024-Алыгджер\СДАНО-090224\Том 5.1-ИОС5.1_ИЗМ1.dwg,Модель,09.02.2024 15:41:30,BobrovV,PDF-portrait.pc3,A3,1:1,
D:\!РАБОТА\2024-Алыгджер\СДАНО-090224\Том 5.1-ИОС5.1_ИЗМ1.dwg,Модель,09.02.2024 15:41:30,BobrovV,PDF-portrait.pc3,A3,1:1,
D:\!РАБОТА\2024-Алыгджер\СДАНО-090224\Том 5.1-ИОС5.1_ИЗМ1.dwg,Модель,09.02.2024 15:41:31,BobrovV,PDF-portrait.pc3,A4,1:1,
D:\!РАБОТА\2024-Алыгджер\СДАНО-090224\Том 5.1-ИОС5.1_ИЗМ1.dwg,Модель,09.02.2024 15:41:31,BobrovV,PDF-portrait.pc3,A4,1:1,
D:\!РАБОТА\2024-Алыгджер\СДАНО-090224\Том 5.1-ИОС5.1_ИЗМ1.dwg,Модель,09.02.2024 15:41:31,BobrovV,PDF-portrait.pc3,A3,1:1,
D:\!РАБОТА\2024-Алыгджер\СДАНО-090224\Том 5.1-ИОС5.1_ИЗМ1.dwg,Модель,09.02.2024 15:41:32,BobrovV,PDF-portrait.pc3,A3,1:1,
D:\!РАБОТА\2024-Алыгджер\СДАНО-090224\Том 5.1-ИОС5.1_ИЗМ1.dwg,Модель,09.02.2024 15:41:32,BobrovV,PDF-portrait.pc3,A3,1:1,
D:\!РАБОТА\2024-Алыгджер\СДАНО-090224\Том 5.1-ИОС5.1_ИЗМ1.dwg,Модель,09.02.2024 15:41:33,BobrovV,PDF-portrait.pc3,A3,1:1,
D:\!РАБОТА\2024-Алыгджер\СДАНО-090224\Том 5.1-ИОС5.1_ИЗМ1.dwg,Модель,13.02.2024 10:34:46,BobrovV,PDF-portrait.pc3,A3,1:1,
D:\!РАБОТА\2024-Алыгджер\СДАНО-090224\Том 5.1-ИОС5.1_ИЗМ1.dwg,Модель,13.02.2024 10:34:47,BobrovV,PDF-portrait.pc3,A3,1:1,
D:\!РАБОТА\2024-Алыгджер\СДАНО-090224\Том 5.1-ИОС5.1_ИЗМ1.dwg,Модель,13.02.2024 10:34:47,BobrovV,PDF-portrait.pc3,A3,1:1,
D:\!РАБОТА\2024-Киров\ИОС5\ИОС5_1\+++ИОС5_1-схемы.dwg,Модель,22.02.2024 17:39:50,BobrovV,PDF-portrait.pc3,A3,1:100,
D:\!РАБОТА\2024-Киров\ИОС5\ИОС5_1\+++ИОС5_1-схемы.dwg,Модель,22.02.2024 17:39:51,BobrovV,PDF-portrait.pc3,A3,1:100,
D:\!РАБОТА\2024-Киров\ИОС5\ИОС5_1\+++ИОС5_1-схемы.dwg,Модель,22.02.2024 17:39:51,BobrovV,PDF-portrait.pc3,A4,1:100,
D:\!РАБОТА\2024-Киров\ИОС5\ИОС5_1\+++ИОС5_1-схемы.dwg,Модель,22.02.2024 17:39:55,BobrovV,PDF-portrait.pc3,A4x4,1:100,
D:\!РАБОТА\2024-Киров\ИОС5\ИОС5_1\+++ИОС5_1-схемы.dwg,Модель,22.02.2024 17:39:56,BobrovV,PDF-portrait.pc3,A4,1:100,
D:\!РАБОТА\2024-Киров\ИОС5\ИОС5_1\+++ИОС5_1-схемы.dwg,Модель,22.02.2024 17:39:56,BobrovV,PDF-portrait.pc3,A4,1:100,
D:\!РАБОТА\2024-Киров\ИОС5\ИОС5_1\+++ИОС5_1-схемы.dwg,Модель,22.02.2024 17:39:57,BobrovV,PDF-portrait.pc3,A4,1:100,
D:\!РАБОТА\2024-Киров\ИОС5\ИОС5_1\+++ИОС5_1-схемы.dwg,Модель,22.02.2024 17:39:57,BobrovV,PDF-portrait.pc3,A4,1:100,
D:\!РАБОТА\2024-Киров\ИОС5\ИОС5_1\+++ИОС5_1-схемы.dwg,Модель,22.02.2024 17:39:58,BobrovV,PDF-portrait.pc3,A4,1:100,
D:\!РАБОТА\2024-Киров\ИОС5\ИОС5_1\+++ИОС5_1-схемы.dwg,Модель,22.02.2024 17:39:58,BobrovV,PDF-portrait.pc3,A1,1:100,
D:\!РАБОТА\2024-Киров\ИОС5\ИОС5_1\+++ИОС5_1-схемы.dwg,Модель,22.02.2024 17:39:59,BobrovV,PDF-portrait.pc3,A4,1:100,
D:\!РАБОТА\2024-Киров\ИОС5\ИОС5_1\+++ИОС5_1-схемы.dwg,Модель,22.02.2024 17:40:03,BobrovV,PDF-portrait.pc3,A4x4,1:100,
D:\!РАБОТА\2024-Киров\ИОС5\ИОС5_1\+++ИОС5_1-схемы.dwg,Модель,22.02.2024 17:40:04,BobrovV,PDF-portrait.pc3,A4,1:100,
D:\!РАБОТА\2024-Киров\ИОС5\ИОС5_1\+++ИОС5_1-схемы.dwg,Модель,22.02.2024 17:40:04,BobrovV,PDF-portrait.pc3,A4,1:100,
D:\!РАБОТА\2024-Киров\ИОС5\ИОС5_1\+++ИОС5_1-схемы.dwg,Модель,22.02.2024 17:40:05,BobrovV,PDF-portrait.pc3,A4,1:100,
D:\!РАБОТА\2024-Киров\ИОС5\ИОС5_1\+++ИОС5_1-схемы.dwg,Модель,22.02.2024 17:40:09,BobrovV,PDF-portrait.pc3,A4x4,1:100,
D:\!РАБОТА\2024-Киров\ИОС5\ИОС5_1\+++ИОС5_1-схемы.dwg,Модель,22.02.2024 17:40:10,BobrovV,PDF-portrait.pc3,A3,1:100,
D:\!РАБОТА\2024-Киров\ИОС5\ИОС5_1\+++ИОС5_1-схемы.dwg,Модель,22.02.2024 17:40:10,BobrovV,PDF-portrait.pc3,A4,1:100,
D:\!РАБОТА\2024-Киров\ИОС5\ИОС5_1\+++ИОС5_1-схемы.dwg,Модель,22.02.2024 17:40:10,BobrovV,PDF-portrait.pc3,A3,1:100,
D:\!РАБОТА\2024-Киров\ИОС5\ИОС5_1\+++ИОС5_1-схемы.dwg,Модель,22.02.2024 17:40:11,BobrovV,PDF-portrait.pc3,A3,1:100,
D:\!РАБОТА\2024-Киров\ИОС5\ИОС5_1\+++ИОС5_1-схемы.dwg,Модель,22.02.2024 17:40:11,BobrovV,PDF-portrait.pc3,A3,1:100,
D:\!РАБОТА\2024-Киров\ИОС5\ИОС5_1\+++ИОС5_1-схемы.dwg,Модель,22.02.2024 17:40:12,BobrovV,PDF-portrait.pc3,A3,1:100,
D:\!РАБОТА\2024-Киров\ИОС5\ИОС5_1\+++ИОС5_1-схемы.dwg,Модель,22.02.2024 17:40:12,BobrovV,PDF-portrait.pc3,A2,1:100,
D:\!РАБОТА\2024-Киров\ИОС5\ИОС5_1\+++ИОС5_1_Планы.dwg,Модель,22.02.2024 17:40:45,BobrovV,PDF-portrait.pc3,A1x3,1:100,
D:\!РАБОТА\2024-Киров\ИОС5\ИОС5_1\+++ИОС5_1_Планы.dwg,Модель,22.02.2024 17:40:50,BobrovV,PDF-portrait.pc3,A1x3,1:100,
D:\!РАБОТА\2024-Киров\ИОС5\ИОС5_1\+++ИОС5_1_Планы.dwg,Модель,22.02.2024 17:40:55,BobrovV,PDF-portrait.pc3,A1x3,1:100,
D:\!РАБОТА\2024-Киров\ИОС5\ИОС5_1\+++ИОС5_1_Планы.dwg,Модель,22.02.2024 17:41:00,BobrovV,PDF-portrait.pc3,A1x3,1:100,
D:\!РАБОТА\2024-Киров\ИОС5\ИОС5_3\+++ИОС5.3-схема.dwg,Модель,22.02.2024 17:49:53,BobrovV,PDF-portrait.pc3,A3,1:100,
D:\!РАБОТА\2024-Киров\ИОС5\ИОС5_3\+++ИОС5.3-схема.dwg,Модель,22.02.2024 17:49:54,BobrovV,PDF-portrait.pc3,A2,1:100,
D:\!РАБОТА\2024-Киров\ИОС5\ИОС5_3\+++ИОС5.3-план.dwg,Модель,22.02.2024 17:50:28,BobrovV,PDF-portrait.pc3,A1x3,1:100,
D:\!РАБОТА\2024-Киров\ИОС5\ИОС5_3\+++ИОС5.3-план.dwg,Модель,22.02.2024 17:50:34,BobrovV,PDF-portrait.pc3,A1x3,1:100,
D:\!РАБОТА\2024-Киров\ИОС5\ИОС5_3\+++ИОС5.3-план.dwg,Модель,22.02.2024 17:50:39,BobrovV,PDF-portrait.pc3,A1x3,1:100,
D:\!РАБОТА\2024-Киров\ИОС5\ИОС5_4\+++ИОС5_4-схемы.dwg,Модель,22.02.2024 17:57:48,BobrovV,PDF-portrait.pc3,A3,1:100,
D:\!РАБОТА\2024-Киров\ИОС5\ИОС5_4\+++ИОС5_4-схемы.dwg,Модель,22.02.2024 17:57:49,BobrovV,PDF-portrait.pc3,A3,1:100,
D:\!РАБОТА\2024-Киров\ИОС5\ИОС5_4\+++ИОС5_4-схемы.dwg,Модель,22.02.2024 17:57:49,BobrovV,PDF-portrait.pc3,A3,1:100,
D:\!РАБОТА\2024-Киров\ИОС5\ИОС5_4\+++ИОС5_4-схемы.dwg,Модель,22.02.2024 17:57:50,BobrovV,PDF-portrait.pc3,A4,1:100,
D:\!РАБОТА\2024-Киров\ИОС5\ИОС5_4\+++ИОС5_4-схемы.dwg,Модель,22.02.2024 17:57:50,BobrovV,PDF-portrait.pc3,A3,1:100,
D:\!РАБОТА\2024-Киров\ИОС5\ИОС5_4\+++ИОС5_4-схемы.dwg,Модель,22.02.2024 17:57:51,BobrovV,PDF-portrait.pc3,A3,1:100,
D:\!РАБОТА\2024-Киров\ИОС5\ИОС5_4\+++ИОС5_4-схемы.dwg,Модель,22.02.2024 17:57:51,BobrovV,PDF-portrait.pc3,A3,1:100,
D:\!РАБОТА\2024-Киров\ИОС5\ИОС5_4\+++ИОС5_4-схемы.dwg,Модель,22.02.2024 17:57:52,BobrovV,PDF-portrait.pc3,A3,1:100,
D:\!РАБОТА\2024-Киров\ИОС5\ИОС5_4\+++ИОС5_4-схемы.dwg,Модель,22.02.2024 17:57:52,BobrovV,PDF-portrait.pc3,A3,1:100,
D:\!РАБОТА\2024-Киров\ИОС5\ИОС5_4\+++ИОС5_4-планы.dwg,Модель,22.02.2024 17:58:35,BobrovV,PDF-portrait.pc3,A1x3,1:100,
D:\!РАБОТА\2024-Киров\ИОС5\ИОС5_4\+++ИОС5_4-планы.dwg,Модель,22.02.2024 17:58:40,BobrovV,PDF-portrait.pc3,A1x3,1:100,
D:\!РАБОТА\2024-Киров\ИОС5\ИОС5_4\+++ИОС5_4-планы.dwg,Модель,22.02.2024 17:58:46,BobrovV,PDF-portrait.pc3,A1x3,1:100,
D:\!РАБОТА\2024-Киров\ИОС5\ИОС5_4\+++ИОС5_4-планы.dwg,Модель,22.02.2024 17:58:50,BobrovV,PDF-portrait.pc3,A1x3,1:100,
D:\!РАБОТА\2024-Киров\ИОС5\ИОС5_4\+++ИОС5_4-планы.dwg,Модель,22.02.2024 17:58:56,BobrovV,PDF-portrait.pc3,A1x3,1:100,
D:\!РАБОТА\2024-Киров\ИОС5\ИОС5_4\+++ИОС5_4-планы.dwg,Модель,22.02.2024 17:59:01,BobrovV,PDF-portrait.pc3,A1x3,1:100,
D:\!РАБОТА\2024-Киров\ИОС5\ИОС5_4\+++ИОС5_4-планы.dwg,Модель,22.02.2024 17:59:06,BobrovV,PDF-portrait.pc3,A1x3,1:100,
D:\!РАБОТА\2024-Киров\ИОС5\ИОС5_12\ИОС5_12 (безбилет).dwg,Модель,22.02.2024 18:07:55,BobrovV,PDF-portrait.pc3,A3,1:100,
D:\!РАБОТА\2024-Киров\ИОС5\ИОС5_12\ИОС5_12 (безбилет).dwg,Модель,22.02.2024 18:08:00,BobrovV,PDF-portrait.pc3,A4x3,1:100,
D:\!РАБОТА\2024-Киров\ИОС5\ИОС5_12\ИОС5_12 (безбилет).dwg,Модель,22.02.2024 18:08:00,BobrovV,PDF-portrait.pc3,A3,1:100,
D:\!РАБОТА\2024-Киров\ИОС5\ИОС5_12\ИОС5_12 (безбилет).dwg,Модель,22.02.2024 18:08:01,BobrovV,PDF-portrait.pc3,A3,1:100,
D:\!РАБОТА\2024-Киров\ИОС5\ИОС5_12\ИОС5_12 (безбилет) - план.dwg,Модель,22.02.2024 18:08:15,BobrovV,PDF-portrait.pc3,A1x3,1:100,
D:\!РАБОТА\2024-Киров\ИОС5\ИОС5_12\ИОС5_12 (безбилет) - план.dwg,Модель,22.02.2024 18:08:20,BobrovV,PDF-portrait.pc3,A1x3,1:100,
D:\!РАБОТА\2024-МосОблЭнерго\ЭСН\Сдано-200224\ЭСН-сдано.dwg,Модель,26.02.2024 15:29:46,BobrovV,PDF-portrait.pc3,A3,1:1,
D:\!РАБОТА\2024-МосОблЭнерго\ЭСН\Сдано-200224\ЭСН-сдано.dwg,Модель,26.02.2024 15:29:47,BobrovV,PDF-portrait.pc3,A3,1:1,
D:\!РАБОТА\2024-МосОблЭнерго\ЭСН\Сдано-200224\ЭСН-сдано.dwg,Модель,26.02.2024 15:29:48,BobrovV,PDF-portrait.pc3,A3,1:1,
D:\!РАБОТА\2024-МосОблЭнерго\ЭСН\Сдано-200224\ЭСН-сдано.dwg,Модель,26.02.2024 15:29:49,BobrovV,PDF-portrait.pc3,A3,1:1,
D:\!РАБОТА\2024-МосОблЭнерго\ЭСН\Сдано-200224\ЭСН-сдано.dwg,Модель,26.02.2024 15:31:09,BobrovV,PDF-portrait.pc3,A4,1:1,
D:\!РАБОТА\2024-МосОблЭнерго\ЭСН\Сдано-200224\ЭСН-сдано.dwg,Модель,26.02.2024 15:31:09,BobrovV,PDF-portrait.pc3,A3,1:1,
D:\!РАБОТА\2024-МосОблЭнерго\ЭСН\Сдано-200224\ЭСН-сдано.dwg,Модель,26.02.2024 15:31:10,BobrovV,PDF-portrait.pc3,A3,1:1,
D:\!РАБОТА\2024-МосОблЭнерго\ЭСН\Сдано-200224\ЭСН-сдано.dwg,Лист1,26.02.2024 15:31:21,BobrovV,PDF-portrait.pc3,A2,1:1,
D:\!РАБОТА\2024-МосОблЭнерго\ЭСН\Сдано-200224\ЭСН-сдано.dwg,Модель,26.02.2024 15:32:15,BobrovV,PDF-portrait.pc3,A3x3,1:1.00003,
D:\!РАБОТА\2024-МосОблЭнерго\ЭСН\Сдано-200224\ЭСН-сдано.dwg,Модель,26.02.2024 15:32:38,BobrovV,Adobe PDF,A3x3,1:1.00001,
D:\!РАБОТА\2024-МосОблЭнерго\ЭСН\Сдано-200224\ЭСН-сдано.dwg,Лист1,26.02.2024 16:09:17,BobrovV,PDF-portrait.pc3,A2,1:1,
D:\!РАБОТА\2024-МосОблЭнерго\ЭСН\Сдано-200224\ЭСН-сдано.dwg,Модель,26.02.2024 16:11:46,BobrovV,PDF-portrait.pc3,A4,1:1,
D:\!РАБОТА\2024-МосОблЭнерго\ЭСН\Сдано-200224\ЭСН-сдано.dwg,Модель,26.02.2024 16:11:47,BobrovV,PDF-portrait.pc3,A3,1:1,
D:\!РАБОТА\2024-МосОблЭнерго\ЭСН\Сдано-200224\ЭСН-сдано.dwg,Модель,26.02.2024 16:11:48,BobrovV,PDF-portrait.pc3,A3,1:1,
D:\!РАБОТА\2024-МосОблЭнерго\ЭСН\Сдано-200224\ЭСН-сдано.dwg,Модель,26.02.2024 16:11:49,BobrovV,PDF-portrait.pc3,A3,1:1,
D:\!РАБОТА\2024-МосОблЭнерго\ЭСН\Сдано-200224\ЭСН-сдано.dwg,Модель,26.02.2024 16:11:49,BobrovV,PDF-portrait.pc3,A3,1:1,
D:\!РАБОТА\2024-МосОблЭнерго\ЭСН\Сдано-200224\ЭСН-сдано.dwg,Модель,26.02.2024 16:11:50,BobrovV,PDF-portrait.pc3,A3,1:1,
D:\!РАБОТА\2024-МосОблЭнерго\ЭСН\Сдано-200224\ЭСН-сдано.dwg,Модель,26.02.2024 16:11:51,BobrovV,PDF-portrait.pc3,A3,1:1,
D:\!РАБОТА\2024-МосОблЭнерго\ЭСН\Сдано-200224\ЭСН-сдано.dwg,Модель,26.02.2024 16:12:31,BobrovV,Adobe PDF,A3x3,1:1.00001,
D:\!РАБОТА\2024-МосОблЭнерго\ЭСН\Сдано-200224\ЭСН-сдано.dwg,Модель,26.02.2024 16:52:28,BobrovV,PDF-portrait.pc3,A3x3,1:1,
D:\!РАБОТА\2024-МосОблЭнерго\ЭСН\Сдано-200224\ЭСН-сдано.dwg,Модель,27.02.2024 8:56:41,BobrovV,PDF-portrait.pc3,A3x3,1:1,
D:\!РАБОТА\2024-МосОблЭнерго\ЭСН\Сдано-200224\ЭСН-сдано.dwg,Модель,27.02.2024 8:57:30,BobrovV,PDF-portrait.pc3,A3,1:1,
D:\!РАБОТА\2024-МосОблЭнерго\ЭСН\Сдано-200224\ЭСН-сдано.dwg,Модель,27.02.2024 9:14:03,BobrovV,PDF-portrait.pc3,A3x3,1:1,
D:\!РАБОТА\2024-МосОблЭнерго\ЭСН\Сдано-200224\ЭСН-сдано.dwg,Модель,27.02.2024 9:27:06,BobrovV,PDF-portrait.pc3,A3x3,1:1,
D:\YandexDisk\CalcTools\ШАБЛОНЫ\шаблоны форматов.dwg,Модель,27.02.2024 10:55:14,BobrovV,PDF-portrait.pc3,A3,1:1,
D:\YandexDisk\CalcTools\ШАБЛОНЫ\шаблоны форматов.dwg,Модель,27.02.2024 10:55:15,BobrovV,PDF-portrait.pc3,A3,1:1,
D:\YandexDisk\CalcTools\ШАБЛОНЫ\шаблоны форматов.dwg,Модель,27.02.2024 10:55:15,BobrovV,PDF-portrait.pc3,A3,1:1,
D:\YandexDisk\CalcTools\ШАБЛОНЫ\шаблоны форматов.dwg,Модель,27.02.2024 10:55:16,BobrovV,PDF-portrait.pc3,A3,1:1,
D:\YandexDisk\CalcTools\ШАБЛОНЫ\шаблоны форматов.dwg,Модель,27.02.2024 10:55:16,BobrovV,PDF-portrait.pc3,A3,1:1,
D:\YandexDisk\CalcTools\ШАБЛОНЫ\шаблоны форматов.dwg,Модель,27.02.2024 10:55:17,BobrovV,PDF-portrait.pc3,A3,1:2,
D:\YandexDisk\CalcTools\ШАБЛОНЫ\шаблоны форматов.dwg,Модель,27.02.2024 10:55:17,BobrovV,PDF-portrait.pc3,A3,1:2,
D:\YandexDisk\CalcTools\ШАБЛОНЫ\шаблоны форматов.dwg,Модель,27.02.2024 11:12:39,BobrovV,PDF-portrait.pc3,A3,1:1,
D:\YandexDisk\CalcTools\ШАБЛОНЫ\шаблоны форматов.dwg,Модель,27.02.2024 11:12:40,BobrovV,PDF-portrait.pc3,A3,1:1,
D:\YandexDisk\CalcTools\ШАБЛОНЫ\шаблоны форматов.dwg,Модель,27.02.2024 11:12:40,BobrovV,PDF-portrait.pc3,A3,1:1,
D:\YandexDisk\CalcTools\ШАБЛОНЫ\шаблоны форматов.dwg,Модель,27.02.2024 11:12:41,BobrovV,PDF-portrait.pc3,A3,1:1,
D:\YandexDisk\CalcTools\ШАБЛОНЫ\шаблоны форматов.dwg,Модель,27.02.2024 11:12:41,BobrovV,PDF-portrait.pc3,A3,1:1,
D:\YandexDisk\CalcTools\ШАБЛОНЫ\шаблоны форматов.dwg,Модель,27.02.2024 11:12:41,BobrovV,PDF-portrait.pc3,A3,1:1,
D:\YandexDisk\CalcTools\ШАБЛОНЫ\шаблоны форматов.dwg,Модель,27.02.2024 11:12:42,BobrovV,PDF-portrait.pc3,A3,1:2,
D:\YandexDisk\CalcTools\ШАБЛОНЫ\шаблоны форматов.dwg,Модель,27.02.2024 11:12:42,BobrovV,PDF-portrait.pc3,A3,1:2,
D:\!РАБОТА\2024-МосОблЭнерго\ЭСН\Сдано-200224\+++ЭСН-сдано.dwg,Лист1,27.02.2024 11:40:57,BobrovV,PDF-portrait.pc3,A2,1:1,
D:\YandexDisk\CalcTools\ШАБЛОНЫ\шаблоны форматов.dwg,Модель,27.02.2024 11:59:32,BobrovV,PDF-portrait.pc3,A3,1:1,
D:\YandexDisk\CalcTools\ШАБЛОНЫ\шаблоны форматов.dwg,Модель,27.02.2024 11:59:32,BobrovV,PDF-portrait.pc3,A3,1:1,
D:\YandexDisk\CalcTools\ШАБЛОНЫ\шаблоны форматов.dwg,Модель,27.02.2024 11:59:33,BobrovV,PDF-portrait.pc3,A3,1:1,
D:\YandexDisk\CalcTools\ШАБЛОНЫ\шаблоны форматов.dwg,Модель,27.02.2024 11:59:33,BobrovV,PDF-portrait.pc3,A3,1:1,
D:\YandexDisk\CalcTools\ШАБЛОНЫ\шаблоны форматов.dwg,Модель,27.02.2024 11:59:33,BobrovV,PDF-portrait.pc3,A3,1:1,
D:\YandexDisk\CalcTools\ШАБЛОНЫ\шаблоны форматов.dwg,Модель,27.02.2024 11:59:34,BobrovV,PDF-portrait.pc3,A3,1:1,
D:\YandexDisk\CalcTools\ШАБЛОНЫ\шаблоны форматов.dwg,Модель,27.02.2024 11:59:34,BobrovV,PDF-portrait.pc3,A3,1:2,
D:\YandexDisk\CalcTools\ШАБЛОНЫ\шаблоны форматов.dwg,Модель,27.02.2024 11:59:35,BobrovV,PDF-portrait.pc3,A3,1:2,
D:\YandexDisk\CalcTools\ШАБЛОНЫ\шаблоны форматов.dwg,Модель,27.02.2024 13:05:09,BobrovV,PDF-portrait.pc3,A3,1:1,
D:\YandexDisk\CalcTools\ШАБЛОНЫ\шаблоны форматов.dwg,Модель,27.02.2024 13:05:10,BobrovV,PDF-portrait.pc3,A3,1:1,
D:\YandexDisk\CalcTools\ШАБЛОНЫ\шаблоны форматов.dwg,Модель,27.02.2024 13:05:11,BobrovV,PDF-portrait.pc3,A3,1:1,
D:\YandexDisk\CalcTools\ШАБЛОНЫ\шаблоны форматов.dwg,Модель,27.02.2024 13:05:11,BobrovV,PDF-portrait.pc3,A3,1:1,
D:\YandexDisk\CalcTools\ШАБЛОНЫ\шаблоны форматов.dwg,Модель,27.02.2024 13:05:11,BobrovV,PDF-portrait.pc3,A3,1:1,
D:\YandexDisk\CalcTools\ШАБЛОНЫ\шаблоны форматов.dwg,Модель,27.02.2024 13:05:12,BobrovV,PDF-portrait.pc3,A3,1:1,
D:\YandexDisk\CalcTools\ШАБЛОНЫ\шаблоны форматов.dwg,Модель,27.02.2024 13:05:12,BobrovV,PDF-portrait.pc3,A3,1:2,
D:\YandexDisk\CalcTools\ШАБЛОНЫ\шаблоны форматов.dwg,Модель,27.02.2024 13:05:13,BobrovV,PDF-portrait.pc3,A3,1:2,
D:\YandexDisk\CalcTools\ШАБЛОНЫ\шаблоны форматов.dwg,Модель,27.02.2024 13:12:23,BobrovV,PDF-portrait.pc3,A3,1:1,
D:\YandexDisk\CalcTools\ШАБЛОНЫ\шаблоны форматов.dwg,Модель,27.02.2024 13:12:23,BobrovV,PDF-portrait.pc3,A3,1:1,
D:\YandexDisk\CalcTools\ШАБЛОНЫ\шаблоны форматов.dwg,Модель,27.02.2024 13:12:23,BobrovV,PDF-portrait.pc3,A3,1:1,
D:\YandexDisk\CalcTools\ШАБЛОНЫ\шаблоны форматов.dwg,Модель,27.02.2024 13:12:24,BobrovV,PDF-portrait.pc3,A3,1:1,
D:\YandexDisk\CalcTools\ШАБЛОНЫ\шаблоны форматов.dwg,Модель,27.02.2024 13:12:24,BobrovV,PDF-portrait.pc3,A3,1:1,
D:\YandexDisk\CalcTools\ШАБЛОНЫ\шаблоны форматов.dwg,Модель,27.02.2024 13:12:25,BobrovV,PDF-portrait.pc3,A3,1:1,
D:\YandexDisk\CalcTools\ШАБЛОНЫ\шаблоны форматов.dwg,Модель,27.02.2024 13:12:25,BobrovV,PDF-portrait.pc3,A3,1:2,
D:\YandexDisk\CalcTools\ШАБЛОНЫ\шаблоны форматов.dwg,Модель,27.02.2024 13:12:26,BobrovV,PDF-portrait.pc3,A3,1:2,
D:\YandexDisk\CalcTools\ШАБЛОНЫ\шаблоны форматов.dwg,Модель,27.02.2024 13:17:28,BobrovV,PDF-portrait.pc3,A3,1:1,
D:\YandexDisk\CalcTools\ШАБЛОНЫ\шаблоны форматов.dwg,Модель,27.02.2024 13:17:29,BobrovV,PDF-portrait.pc3,A3,1:1,
D:\YandexDisk\CalcTools\ШАБЛОНЫ\шаблоны форматов.dwg,Модель,27.02.2024 13:17:29,BobrovV,PDF-portrait.pc3,A3,1:1,
D:\YandexDisk\CalcTools\ШАБЛОНЫ\шаблоны форматов.dwg,Модель,27.02.2024 13:17:29,BobrovV,PDF-portrait.pc3,A3,1:1,
D:\YandexDisk\CalcTools\ШАБЛОНЫ\шаблоны форматов.dwg,Модель,27.02.2024 13:17:30,BobrovV,PDF-portrait.pc3,A3,1:1,
D:\YandexDisk\CalcTools\ШАБЛОНЫ\шаблоны форматов.dwg,Модель,27.02.2024 13:17:30,BobrovV,PDF-portrait.pc3,A3,1:1,
D:\YandexDisk\CalcTools\ШАБЛОНЫ\шаблоны форматов.dwg,Модель,27.02.2024 13:17:31,BobrovV,PDF-portrait.pc3,A3,1:2,
D:\YandexDisk\CalcTools\ШАБЛОНЫ\шаблоны форматов.dwg,Модель,27.02.2024 13:17:31,BobrovV,PDF-portrait.pc3,A3,1:2,
D:\YandexDisk\CalcTools\ШАБЛОНЫ\шаблоны форматов.dwg,Модель,27.02.2024 13:23:13,BobrovV,PDF-portrait.pc3,A3,1:1,
D:\YandexDisk\CalcTools\ШАБЛОНЫ\шаблоны форматов.dwg,Модель,27.02.2024 13:23:13,BobrovV,PDF-portrait.pc3,A3,1:1,
D:\YandexDisk\CalcTools\ШАБЛОНЫ\шаблоны форматов.dwg,Модель,27.02.2024 13:23:14,BobrovV,PDF-portrait.pc3,A3,1:1,
D:\YandexDisk\CalcTools\ШАБЛОНЫ\шаблоны форматов.dwg,Модель,27.02.2024 13:23:14,BobrovV,PDF-portrait.pc3,A3,1:1,
D:\YandexDisk\CalcTools\ШАБЛОНЫ\шаблоны форматов.dwg,Модель,27.02.2024 13:23:14,BobrovV,PDF-portrait.pc3,A3,1:1,
D:\YandexDisk\CalcTools\ШАБЛОНЫ\шаблоны форматов.dwg,Модель,27.02.2024 13:23:15,BobrovV,PDF-portrait.pc3,A3,1:1,
D:\YandexDisk\CalcTools\ШАБЛОНЫ\шаблоны форматов.dwg,Модель,27.02.2024 13:23:15,BobrovV,PDF-portrait.pc3,A3,1:2,
D:\YandexDisk\CalcTools\ШАБЛОНЫ\шаблоны форматов.dwg,Модель,27.02.2024 13:23:16,BobrovV,PDF-portrait.pc3,A3,1:2,
D:\YandexDisk\CalcTools\ШАБЛОНЫ\шаблоны форматов.dwg,Модель,27.02.2024 13:33:12,BobrovV,PDF-portrait.pc3,A3,1:1,
D:\YandexDisk\CalcTools\ШАБЛОНЫ\шаблоны форматов.dwg,Модель,27.02.2024 13:33:13,BobrovV,PDF-portrait.pc3,A3,1:1,
D:\YandexDisk\CalcTools\ШАБЛОНЫ\шаблоны форматов.dwg,Модель,27.02.2024 13:33:13,BobrovV,PDF-portrait.pc3,A3,1:1,
D:\YandexDisk\CalcTools\ШАБЛОНЫ\шаблоны форматов.dwg,Модель,27.02.2024 13:33:14,BobrovV,PDF-portrait.pc3,A3,1:1,
D:\YandexDisk\CalcTools\ШАБЛОНЫ\шаблоны форматов.dwg,Модель,27.02.2024 13:33:14,BobrovV,PDF-portrait.pc3,A3,1:1,
D:\YandexDisk\CalcTools\ШАБЛОНЫ\шаблоны форматов.dwg,Модель,27.02.2024 13:33:15,BobrovV,PDF-portrait.pc3,A3,1:1,
D:\YandexDisk\CalcTools\ШАБЛОНЫ\шаблоны форматов.dwg,Модель,27.02.2024 13:33:15,BobrovV,PDF-portrait.pc3,A3,1:2,
D:\YandexDisk\CalcTools\ШАБЛОНЫ\шаблоны форматов.dwg,Модель,27.02.2024 13:33:16,BobrovV,PDF-portrait.pc3,A3,1:2,
D:\YandexDisk\CalcTools\ШАБЛОНЫ\шаблоны форматов.dwg,Модель,27.02.2024 13:35:21,BobrovV,PDF-portrait.pc3,A3,1:1,
D:\YandexDisk\CalcTools\ШАБЛОНЫ\шаблоны форматов.dwg,Модель,27.02.2024 13:35:21,BobrovV,PDF-portrait.pc3,A3,1:1,
D:\YandexDisk\CalcTools\ШАБЛОНЫ\шаблоны форматов.dwg,Модель,27.02.2024 13:35:22,BobrovV,PDF-portrait.pc3,A3,1:1,
D:\YandexDisk\CalcTools\ШАБЛОНЫ\шаблоны форматов.dwg,Модель,27.02.2024 13:35:22,BobrovV,PDF-portrait.pc3,A3,1:1,
D:\YandexDisk\CalcTools\ШАБЛОНЫ\шаблоны форматов.dwg,Модель,27.02.2024 13:35:23,BobrovV,PDF-portrait.pc3,A3,1:1,
D:\YandexDisk\CalcTools\ШАБЛОНЫ\шаблоны форматов.dwg,Модель,27.02.2024 13:35:23,BobrovV,PDF-portrait.pc3,A3,1:1,
D:\YandexDisk\CalcTools\ШАБЛОНЫ\шаблоны форматов.dwg,Модель,27.02.2024 13:35:23,BobrovV,PDF-portrait.pc3,A3,1:2,
D:\YandexDisk\CalcTools\ШАБЛОНЫ\шаблоны форматов.dwg,Модель,27.02.2024 13:35:24,BobrovV,PDF-portrait.pc3,A3,1:2,
D:\YandexDisk\CalcTools\ШАБЛОНЫ\шаблоны форматов.dwg,Модель,27.02.2024 14:04:52,BobrovV,PDF-portrait.pc3,A4,1:1,
D:\YandexDisk\CalcTools\ШАБЛОНЫ\шаблоны форматов.dwg,Модель,27.02.2024 14:28:50,BobrovV,PDF-portrait.pc3,A4,1:1,
D:\YandexDisk\CalcTools\ШАБЛОНЫ\шаблоны форматов.dwg,Модель,27.02.2024 14:30:31,BobrovV,PDF-portrait.pc3,A4,1:1,
D:\!РАБОТА\2024-МосОблЭнерго\ЭСН\Сдано-200224\+++ЭСН-сдано.dwg,Модель,27.02.2024 14:34:55,BobrovV,PDF-portrait.pc3,A3x3,1:1,
D:\!РАБОТА\2024-МосОблЭнерго\ЭСН\Сдано-200224\+++ЭСН-сдано.dwg,Модель,27.02.2024 14:39:59,BobrovV,PDF-portrait.pc3,A3x3,1:1,
D:\!РАБОТА\2024-МосОблЭнерго\ЭСН\Сдано-200224\+++ЭСН-сдано.dwg,Модель,27.02.2024 14:49:26,BobrovV,PDF-portrait.pc3,A3x3,1:1,
D:\!РАБОТА\2024-МосОблЭнерго\ЭСН\Сдано-200224\+++ЭСН-сдано.dwg,Модель,27.02.2024 14:58:17,BobrovV,PDF-portrait.pc3,A3x3,1:1,
D:\!РАБОТА\2024-МосОблЭнерго\ЭСН\Сдано-200224\+++ЭСН-сдано.dwg,Модель,27.02.2024 15:01:57,BobrovV,PDF-portrait.pc3,A3x3,1:1,
D:\!РАБОТА\2024-МосОблЭнерго\ЭСН\Сдано-200224\+++ЭСН-сдано.dwg,Модель,27.02.2024 15:10:36,BobrovV,PDF-portrait.pc3,A3x3,1:1,
D:\!РАБОТА\2024-МосОблЭнерго\ЭСН\Сдано-200224\+++ЭСН-сдано.dwg,Модель,27.02.2024 15:14:07,BobrovV,PDF-portrait.pc3,A3x3,1:1,
D:\!РАБОТА\2024-МосОблЭнерго\ЭСН\Сдано-200224\+++ЭСН-сдано.dwg,Модель,27.02.2024 15:16:55,BobrovV,PDF-portrait.pc3,A4,1:1,
D:\!РАБОТА\2024-МосОблЭнерго\ЭСН\Сдано-200224\+++ЭСН-сдано.dwg,Модель,27.02.2024 15:17:00,BobrovV,PDF-portrait.pc3,A3x3,1:1,
D:\!РАБОТА\2024-МосОблЭнерго\ЭСН\Сдано-200224\+++ЭСН-сдано.dwg,Модель,27.02.2024 15:23:09,BobrovV,PDF-portrait.pc3,A3x3,1:1,
D:\!РАБОТА\2024-МосОблЭнерго\ЭСН\Сдано-200224\+++ЭСН-сдано.dwg,Модель,27.02.2024 15:23:10,BobrovV,PDF-portrait.pc3,A4,1:1,
D:\!РАБОТА\2024-МосОблЭнерго\ЭСН\Сдано-200224\+++ЭСН-сдано.dwg,Лист1,27.02.2024 15:23:26,BobrovV,PDF-portrait.pc3,A2,1:1,
D:\YandexDisk\CalcTools\ШАБЛОНЫ\шаблоны форматов.dwg,Модель,27.02.2024 15:24:07,BobrovV,PDF-portrait.pc3,A1,1:1,
D:\YandexDisk\CalcTools\ШАБЛОНЫ\шаблоны форматов.dwg,Модель,27.02.2024 15:24:08,BobrovV,PDF-portrait.pc3,A2,1:1,
D:\YandexDisk\CalcTools\ШАБЛОНЫ\шаблоны форматов.dwg,Модель,27.02.2024 15:24:08,BobrovV,PDF-portrait.pc3,A3,1:1,
D:\YandexDisk\CalcTools\ШАБЛОНЫ\шаблоны форматов.dwg,Модель,27.02.2024 15:24:09,BobrovV,PDF-portrait.pc3,A4,1:1,
D:\YandexDisk\CalcTools\ШАБЛОНЫ\шаблоны форматов.dwg,Модель,27.02.2024 15:24:09,BobrovV,PDF-portrait.pc3,A2,1:1,
D:\YandexDisk\CalcTools\ШАБЛОНЫ\шаблоны форматов.dwg,Модель,27.02.2024 15:24:10,BobrovV,PDF-portrait.pc3,A3,1:1,
D:\YandexDisk\CalcTools\ШАБЛОНЫ\шаблоны форматов.dwg,Модель,27.02.2024 15:24:10,BobrovV,PDF-portrait.pc3,A2,1:1,
D:\YandexDisk\CalcTools\ШАБЛОНЫ\шаблоны форматов.dwg,Модель,27.02.2024 15:24:11,BobrovV,PDF-portrait.pc3,A3,1:1.24,
D:\YandexDisk\CalcTools\ШАБЛОНЫ\шаблоны форматов.dwg,Модель,27.02.2024 15:24:11,BobrovV,PDF-portrait.pc3,A3,1:1,
D:\YandexDisk\CalcTools\ШАБЛОНЫ\шаблоны форматов.dwg,Модель,27.02.2024 15:24:12,BobrovV,PDF-portrait.pc3,A3,1:1,
D:\YandexDisk\CalcTools\ШАБЛОНЫ\шаблоны форматов.dwg,Модель,27.02.2024 15:24:12,BobrovV,PDF-portrait.pc3,A4,1:1,
D:\YandexDisk\CalcTools\ШАБЛОНЫ\шаблоны форматов.dwg,Модель,27.02.2024 15:24:13,BobrovV,PDF-portrait.pc3,A4,1:1,
D:\YandexDisk\CalcTools\ШАБЛОНЫ\шаблоны форматов.dwg,Модель,27.02.2024 15:24:13,BobrovV,PDF-portrait.pc3,A3,1:1,
D:\YandexDisk\CalcTools\ШАБЛОНЫ\шаблоны форматов.dwg,Модель,27.02.2024 15:24:13,BobrovV,PDF-portrait.pc3,A3,1:1,
D:\YandexDisk\CalcTools\ШАБЛОНЫ\шаблоны форматов.dwg,Модель,27.02.2024 15:24:14,BobrovV,PDF-portrait.pc3,A4,1:1,
D:\YandexDisk\CalcTools\ШАБЛОНЫ\шаблоны форматов.dwg,Модель,27.02.2024 15:24:14,BobrovV,PDF-portrait.pc3,A4,1:1,
D:\YandexDisk\CalcTools\ШАБЛОНЫ\шаблоны форматов.dwg,Модель,27.02.2024 15:24:15,BobrovV,PDF-portrait.pc3,A2,1:1,
D:\YandexDisk\CalcTools\ШАБЛОНЫ\шаблоны форматов.dwg,Модель,27.02.2024 15:24:15,BobrovV,PDF-portrait.pc3,A2,1:1,
D:\YandexDisk\CalcTools\ШАБЛОНЫ\шаблоны форматов.dwg,Модель,27.02.2024 15:24:16,BobrovV,PDF-portrait.pc3,A2,1:1,
D:\YandexDisk\CalcTools\ШАБЛОНЫ\шаблоны форматов.dwg,Модель,27.02.2024 15:24:16,BobrovV,PDF-portrait.pc3,A2,1:1,
D:\YandexDisk\CalcTools\ШАБЛОНЫ\шаблоны форматов.dwg,Модель,27.02.2024 15:24:17,BobrovV,PDF-portrait.pc3,A1,1:1,
D:\YandexDisk\CalcTools\ШАБЛОНЫ\шаблоны форматов.dwg,Модель,27.02.2024 15:24:18,BobrovV,PDF-portrait.pc3,A1,1:1,
D:\YandexDisk\CalcTools\ШАБЛОНЫ\шаблоны форматов.dwg,Модель,27.02.2024 15:24:22,BobrovV,PDF-portrait.pc3,A3x3,1:1,
D:\YandexDisk\CalcTools\ШАБЛОНЫ\шаблоны форматов.dwg,Модель,27.02.2024 15:24:27,BobrovV,PDF-portrait.pc3,A3x4,1:1,
D:\YandexDisk\CalcTools\ШАБЛОНЫ\шаблоны форматов.dwg,Модель,27.02.2024 15:24:28,BobrovV,PDF-portrait.pc3,A1,1:1,
D:\YandexDisk\CalcTools\ШАБЛОНЫ\шаблоны форматов.dwg,Модель,27.02.2024 15:24:32,BobrovV,PDF-portrait.pc3,A2x4,1:1,
D:\YandexDisk\CalcTools\ШАБЛОНЫ\шаблоны форматов.dwg,Модель,27.02.2024 15:24:33,BobrovV,PDF-portrait.pc3,A1,1:1,
D:\YandexDisk\CalcTools\ШАБЛОНЫ\шаблоны форматов.dwg,Модель,27.02.2024 15:24:38,BobrovV,PDF-portrait.pc3,A1x3,1:1,
D:\YandexDisk\CalcTools\ШАБЛОНЫ\шаблоны форматов.dwg,Модель,27.02.2024 15:24:42,BobrovV,PDF-portrait.pc3,A1x4,1:1,
D:\YandexDisk\CalcTools\ШАБЛОНЫ\шаблоны форматов.dwg,Модель,27.02.2024 15:24:42,BobrovV,PDF-portrait.pc3,A3,1:2,
D:\YandexDisk\CalcTools\ШАБЛОНЫ\шаблоны форматов.dwg,Модель,27.02.2024 15:24:43,BobrovV,PDF-portrait.pc3,A4,1:1,
D:\YandexDisk\CalcTools\ШАБЛОНЫ\шаблоны форматов.dwg,Модель,27.02.2024 15:24:43,BobrovV,PDF-portrait.pc3,A4,1:1,
D:\YandexDisk\CalcTools\ШАБЛОНЫ\шаблоны форматов.dwg,Модель,27.02.2024 15:24:48,BobrovV,PDF-portrait.pc3,A4x3,1:1,
D:\YandexDisk\CalcTools\ШАБЛОНЫ\шаблоны форматов.dwg,Модель,27.02.2024 15:24:53,BobrovV,PDF-portrait.pc3,A4x6,1:1,
D:\YandexDisk\CalcTools\ШАБЛОНЫ\шаблоны форматов.dwg,Модель,27.02.2024 15:24:58,BobrovV,PDF-portrait.pc3,A4x6,1:1,
D:\YandexDisk\CalcTools\ШАБЛОНЫ\шаблоны форматов.dwg,Модель,27.02.2024 15:25:03,BobrovV,PDF-portrait.pc3,A4x4,1:1,
D:\YandexDisk\CalcTools\ШАБЛОНЫ\шаблоны форматов.dwg,Модель,27.02.2024 15:25:07,BobrovV,PDF-portrait.pc3,A4x4,1:1,
D:\YandexDisk\CalcTools\ШАБЛОНЫ\шаблоны форматов.dwg,Модель,27.02.2024 15:25:08,BobrovV,PDF-portrait.pc3,A0,1:1,
D:\YandexDisk\CalcTools\ШАБЛОНЫ\шаблоны форматов.dwg,Модель,27.02.2024 15:25:12,BobrovV,PDF-portrait.pc3,A1x3,1:1,
D:\YandexDisk\CalcTools\ШАБЛОНЫ\шаблоны форматов.dwg,Модель,27.02.2024 15:25:17,BobrovV,PDF-portrait.pc3,A1x3,1:1,
D:\YandexDisk\CalcTools\ШАБЛОНЫ\шаблоны форматов.dwg,Модель,27.02.2024 15:25:18,BobrovV,PDF-portrait.pc3,A1,1:1,
D:\YandexDisk\CalcTools\ШАБЛОНЫ\шаблоны форматов.dwg,Модель,27.02.2024 15:25:22,BobrovV,PDF-portrait.pc3,A3x4,1:1,
D:\YandexDisk\CalcTools\ШАБЛОНЫ\шаблоны форматов.dwg,Модель,27.02.2024 15:25:27,BobrovV,PDF-portrait.pc3,A3x5,1:1,
D:\YandexDisk\CalcTools\ШАБЛОНЫ\шаблоны форматов.dwg,Модель,27.02.2024 15:25:27,BobrovV,PDF-portrait.pc3,A2,1:1,
D:\YandexDisk\CalcTools\ШАБЛОНЫ\шаблоны форматов.dwg,Модель,27.02.2024 15:25:28,BobrovV,PDF-portrait.pc3,A3,1:2,
D:\YandexDisk\CalcTools\ШАБЛОНЫ\шаблоны форматов.dwg,Модель,27.02.2024 15:25:28,BobrovV,PDF-portrait.pc3,A3,1:2,
D:\YandexDisk\CalcTools\ШАБЛОНЫ\шаблоны форматов.dwg,Модель,27.02.2024 15:25:29,BobrovV,PDF-portrait.pc3,A3,1:2,
D:\YandexDisk\CalcTools\ШАБЛОНЫ\шаблоны форматов.dwg,Модель,27.02.2024 15:25:30,BobrovV,PDF-portrait.pc3,A3,1:1,
D:\YandexDisk\CalcTools\ШАБЛОНЫ\шаблоны форматов.dwg,Модель,27.02.2024 15:25:30,BobrovV,PDF-portrait.pc3,A3,1:1,
D:\YandexDisk\CalcTools\ШАБЛОНЫ\шаблоны форматов.dwg,Модель,27.02.2024 15:25:31,BobrovV,PDF-portrait.pc3,A3,1:1,
D:\YandexDisk\CalcTools\ШАБЛОНЫ\шаблоны форматов.dwg,Модель,27.02.2024 15:25:31,BobrovV,PDF-portrait.pc3,A3,1:1,
D:\YandexDisk\CalcTools\ШАБЛОНЫ\шаблоны форматов.dwg,Модель,27.02.2024 15:25:32,BobrovV,PDF-portrait.pc3,A3,1:1,
D:\YandexDisk\CalcTools\ШАБЛОНЫ\шаблоны форматов.dwg,Модель,27.02.2024 15:25:32,BobrovV,PDF-portrait.pc3,A3,1:1,
D:\YandexDisk\CalcTools\ШАБЛОНЫ\шаблоны форматов.dwg,Лист2,27.02.2024 15:26:25,BobrovV,PDF-portrait.pc3,A3,1:1,
D:\YandexDisk\CalcTools\ШАБЛОНЫ\шаблоны форматов.dwg,Лист2,27.02.2024 15:26:26,BobrovV,PDF-portrait.pc3,A3,1:2,
D:\YandexDisk\CalcTools\ШАБЛОНЫ\шаблоны форматов.dwg,Лист2,27.02.2024 15:26:27,BobrovV,PDF-portrait.pc3,A3,1:2,
D:\YandexDisk\CalcTools\ШАБЛОНЫ\шаблоны форматов.dwg,Лист2,27.02.2024 15:26:27,BobrovV,PDF-portrait.pc3,A3,1:1,
D:\YandexDisk\CalcTools\ШАБЛОНЫ\шаблоны форматов.dwg,Лист2,27.02.2024 15:26:28,BobrovV,PDF-portrait.pc3,A3,1:1,
D:\YandexDisk\CalcTools\ШАБЛОНЫ\шаблоны форматов.dwg,Лист2,27.02.2024 15:26:28,BobrovV,PDF-portrait.pc3,A3,1:1,
D:\YandexDisk\CalcTools\ШАБЛОНЫ\шаблоны форматов.dwg,Лист2,27.02.2024 15:26:29,BobrovV,PDF-portrait.pc3,A3,1:1,
D:\YandexDisk\CalcTools\ШАБЛОНЫ\шаблоны форматов.dwg,Лист2,27.02.2024 15:26:29,BobrovV,PDF-portrait.pc3,A3,1:1,
D:\YandexDisk\CalcTools\ШАБЛОНЫ\шаблоны форматов.dwg,Лист2,27.02.2024 15:26:30,BobrovV,PDF-portrait.pc3,A3,1:1,
